<?xml version="1.0" encoding="UTF-8"?>
<!-- Generated by org.testng.reporters.JUnitReportReporter -->
<testsuite hostname="DESKTOP-USNMA6Q" failures="0" tests="1000" name="testngpack.Flag3" time="0.389" errors="0" timestamp="2022-06-07T13:21:31 IST" skipped="0">
  <testcase classname="testngpack.Flag3" name="login" time="0.000"/>
  <system-out>
    <![CDATA[inconsistent bug]]>
  </system-out>
  <testcase classname="testngpack.Flag3" name="login" time="0.000"/>
  <system-out>
    <![CDATA[inconsistent bug]]>
  </system-out>
  <testcase classname="testngpack.Flag3" name="login" time="0.000"/>
  <system-out>
    <![CDATA[inconsistent bug]]>
  </system-out>
  <testcase classname="testngpack.Flag3" name="login" time="0.000"/>
  <system-out>
    <![CDATA[inconsistent bug]]>
  </system-out>
  <testcase classname="testngpack.Flag3" name="login" time="0.000"/>
  <system-out>
    <![CDATA[inconsistent bug]]>
  </system-out>
  <testcase classname="testngpack.Flag3" name="login" time="0.000"/>
  <system-out>
    <![CDATA[inconsistent bug]]>
  </system-out>
  <testcase classname="testngpack.Flag3" name="login" time="0.000"/>
  <system-out>
    <![CDATA[inconsistent bug]]>
  </system-out>
  <testcase classname="testngpack.Flag3" name="login" time="0.001"/>
  <system-out>
    <![CDATA[inconsistent bug]]>
  </system-out>
  <testcase classname="testngpack.Flag3" name="login" time="0.000"/>
  <system-out>
    <![CDATA[inconsistent bug]]>
  </system-out>
  <testcase classname="testngpack.Flag3" name="login" time="0.000"/>
  <system-out>
    <![CDATA[inconsistent bug]]>
  </system-out>
  <testcase classname="testngpack.Flag3" name="login" time="0.001"/>
  <system-out>
    <![CDATA[inconsistent bug]]>
  </system-out>
  <testcase classname="testngpack.Flag3" name="login" time="0.001"/>
  <system-out>
    <![CDATA[inconsistent bug]]>
  </system-out>
  <testcase classname="testngpack.Flag3" name="login" time="0.000"/>
  <system-out>
    <![CDATA[inconsistent bug]]>
  </system-out>
  <testcase classname="testngpack.Flag3" name="login" time="0.000"/>
  <system-out>
    <![CDATA[inconsistent bug]]>
  </system-out>
  <testcase classname="testngpack.Flag3" name="login" time="0.000"/>
  <system-out>
    <![CDATA[inconsistent bug]]>
  </system-out>
  <testcase classname="testngpack.Flag3" name="login" time="0.001"/>
  <system-out>
    <![CDATA[inconsistent bug]]>
  </system-out>
  <testcase classname="testngpack.Flag3" name="login" time="0.001"/>
  <system-out>
    <![CDATA[inconsistent bug]]>
  </system-out>
  <testcase classname="testngpack.Flag3" name="login" time="0.000"/>
  <system-out>
    <![CDATA[inconsistent bug]]>
  </system-out>
  <testcase classname="testngpack.Flag3" name="login" time="0.001"/>
  <system-out>
    <![CDATA[inconsistent bug]]>
  </system-out>
  <testcase classname="testngpack.Flag3" name="login" time="0.000"/>
  <system-out>
    <![CDATA[inconsistent bug]]>
  </system-out>
  <testcase classname="testngpack.Flag3" name="login" time="0.001"/>
  <system-out>
    <![CDATA[inconsistent bug]]>
  </system-out>
  <testcase classname="testngpack.Flag3" name="login" time="0.000"/>
  <system-out>
    <![CDATA[inconsistent bug]]>
  </system-out>
  <testcase classname="testngpack.Flag3" name="login" time="0.000"/>
  <system-out>
    <![CDATA[inconsistent bug]]>
  </system-out>
  <testcase classname="testngpack.Flag3" name="login" time="0.001"/>
  <system-out>
    <![CDATA[inconsistent bug]]>
  </system-out>
  <testcase classname="testngpack.Flag3" name="login" time="0.000"/>
  <system-out>
    <![CDATA[inconsistent bug]]>
  </system-out>
  <testcase classname="testngpack.Flag3" name="login" time="0.000"/>
  <system-out>
    <![CDATA[inconsistent bug]]>
  </system-out>
  <testcase classname="testngpack.Flag3" name="login" time="0.000"/>
  <system-out>
    <![CDATA[inconsistent bug]]>
  </system-out>
  <testcase classname="testngpack.Flag3" name="login" time="0.000"/>
  <system-out>
    <![CDATA[inconsistent bug]]>
  </system-out>
  <testcase classname="testngpack.Flag3" name="login" time="0.000"/>
  <system-out>
    <![CDATA[inconsistent bug]]>
  </system-out>
  <testcase classname="testngpack.Flag3" name="login" time="0.001"/>
  <system-out>
    <![CDATA[inconsistent bug]]>
  </system-out>
  <testcase classname="testngpack.Flag3" name="login" time="0.000"/>
  <system-out>
    <![CDATA[inconsistent bug]]>
  </system-out>
  <testcase classname="testngpack.Flag3" name="login" time="0.001"/>
  <system-out>
    <![CDATA[inconsistent bug]]>
  </system-out>
  <testcase classname="testngpack.Flag3" name="login" time="0.000"/>
  <system-out>
    <![CDATA[inconsistent bug]]>
  </system-out>
  <testcase classname="testngpack.Flag3" name="login" time="0.000"/>
  <system-out>
    <![CDATA[inconsistent bug]]>
  </system-out>
  <testcase classname="testngpack.Flag3" name="login" time="0.001"/>
  <system-out>
    <![CDATA[inconsistent bug]]>
  </system-out>
  <testcase classname="testngpack.Flag3" name="login" time="0.001"/>
  <system-out>
    <![CDATA[inconsistent bug]]>
  </system-out>
  <testcase classname="testngpack.Flag3" name="login" time="0.000"/>
  <system-out>
    <![CDATA[inconsistent bug]]>
  </system-out>
  <testcase classname="testngpack.Flag3" name="login" time="0.000"/>
  <system-out>
    <![CDATA[inconsistent bug]]>
  </system-out>
  <testcase classname="testngpack.Flag3" name="login" time="0.000"/>
  <system-out>
    <![CDATA[inconsistent bug]]>
  </system-out>
  <testcase classname="testngpack.Flag3" name="login" time="0.001"/>
  <system-out>
    <![CDATA[inconsistent bug]]>
  </system-out>
  <testcase classname="testngpack.Flag3" name="login" time="0.001"/>
  <system-out>
    <![CDATA[inconsistent bug]]>
  </system-out>
  <testcase classname="testngpack.Flag3" name="login" time="0.001"/>
  <system-out>
    <![CDATA[inconsistent bug]]>
  </system-out>
  <testcase classname="testngpack.Flag3" name="login" time="0.001"/>
  <system-out>
    <![CDATA[inconsistent bug]]>
  </system-out>
  <testcase classname="testngpack.Flag3" name="login" time="0.000"/>
  <system-out>
    <![CDATA[inconsistent bug]]>
  </system-out>
  <testcase classname="testngpack.Flag3" name="login" time="0.001"/>
  <system-out>
    <![CDATA[inconsistent bug]]>
  </system-out>
  <testcase classname="testngpack.Flag3" name="login" time="0.001"/>
  <system-out>
    <![CDATA[inconsistent bug]]>
  </system-out>
  <testcase classname="testngpack.Flag3" name="login" time="0.000"/>
  <system-out>
    <![CDATA[inconsistent bug]]>
  </system-out>
  <testcase classname="testngpack.Flag3" name="login" time="0.000"/>
  <system-out>
    <![CDATA[inconsistent bug]]>
  </system-out>
  <testcase classname="testngpack.Flag3" name="login" time="0.000"/>
  <system-out>
    <![CDATA[inconsistent bug]]>
  </system-out>
  <testcase classname="testngpack.Flag3" name="login" time="0.000"/>
  <system-out>
    <![CDATA[inconsistent bug]]>
  </system-out>
  <testcase classname="testngpack.Flag3" name="login" time="0.001"/>
  <system-out>
    <![CDATA[inconsistent bug]]>
  </system-out>
  <testcase classname="testngpack.Flag3" name="login" time="0.000"/>
  <system-out>
    <![CDATA[inconsistent bug]]>
  </system-out>
  <testcase classname="testngpack.Flag3" name="login" time="0.000"/>
  <system-out>
    <![CDATA[inconsistent bug]]>
  </system-out>
  <testcase classname="testngpack.Flag3" name="login" time="0.000"/>
  <system-out>
    <![CDATA[inconsistent bug]]>
  </system-out>
  <testcase classname="testngpack.Flag3" name="login" time="0.001"/>
  <system-out>
    <![CDATA[inconsistent bug]]>
  </system-out>
  <testcase classname="testngpack.Flag3" name="login" time="0.000"/>
  <system-out>
    <![CDATA[inconsistent bug]]>
  </system-out>
  <testcase classname="testngpack.Flag3" name="login" time="0.001"/>
  <system-out>
    <![CDATA[inconsistent bug]]>
  </system-out>
  <testcase classname="testngpack.Flag3" name="login" time="0.001"/>
  <system-out>
    <![CDATA[inconsistent bug]]>
  </system-out>
  <testcase classname="testngpack.Flag3" name="login" time="0.000"/>
  <system-out>
    <![CDATA[inconsistent bug]]>
  </system-out>
  <testcase classname="testngpack.Flag3" name="login" time="0.000"/>
  <system-out>
    <![CDATA[inconsistent bug]]>
  </system-out>
  <testcase classname="testngpack.Flag3" name="login" time="0.001"/>
  <system-out>
    <![CDATA[inconsistent bug]]>
  </system-out>
  <testcase classname="testngpack.Flag3" name="login" time="0.000"/>
  <system-out>
    <![CDATA[inconsistent bug]]>
  </system-out>
  <testcase classname="testngpack.Flag3" name="login" time="0.001"/>
  <system-out>
    <![CDATA[inconsistent bug]]>
  </system-out>
  <testcase classname="testngpack.Flag3" name="login" time="0.001"/>
  <system-out>
    <![CDATA[inconsistent bug]]>
  </system-out>
  <testcase classname="testngpack.Flag3" name="login" time="0.000"/>
  <system-out>
    <![CDATA[inconsistent bug]]>
  </system-out>
  <testcase classname="testngpack.Flag3" name="login" time="0.000"/>
  <system-out>
    <![CDATA[inconsistent bug]]>
  </system-out>
  <testcase classname="testngpack.Flag3" name="login" time="0.000"/>
  <system-out>
    <![CDATA[inconsistent bug]]>
  </system-out>
  <testcase classname="testngpack.Flag3" name="login" time="0.001"/>
  <system-out>
    <![CDATA[inconsistent bug]]>
  </system-out>
  <testcase classname="testngpack.Flag3" name="login" time="0.000"/>
  <system-out>
    <![CDATA[inconsistent bug]]>
  </system-out>
  <testcase classname="testngpack.Flag3" name="login" time="0.001"/>
  <system-out>
    <![CDATA[inconsistent bug]]>
  </system-out>
  <testcase classname="testngpack.Flag3" name="login" time="0.000"/>
  <system-out>
    <![CDATA[inconsistent bug]]>
  </system-out>
  <testcase classname="testngpack.Flag3" name="login" time="0.000"/>
  <system-out>
    <![CDATA[inconsistent bug]]>
  </system-out>
  <testcase classname="testngpack.Flag3" name="login" time="0.001"/>
  <system-out>
    <![CDATA[inconsistent bug]]>
  </system-out>
  <testcase classname="testngpack.Flag3" name="login" time="0.001"/>
  <system-out>
    <![CDATA[inconsistent bug]]>
  </system-out>
  <testcase classname="testngpack.Flag3" name="login" time="0.001"/>
  <system-out>
    <![CDATA[inconsistent bug]]>
  </system-out>
  <testcase classname="testngpack.Flag3" name="login" time="0.000"/>
  <system-out>
    <![CDATA[inconsistent bug]]>
  </system-out>
  <testcase classname="testngpack.Flag3" name="login" time="0.000"/>
  <system-out>
    <![CDATA[inconsistent bug]]>
  </system-out>
  <testcase classname="testngpack.Flag3" name="login" time="0.000"/>
  <system-out>
    <![CDATA[inconsistent bug]]>
  </system-out>
  <testcase classname="testngpack.Flag3" name="login" time="0.000"/>
  <system-out>
    <![CDATA[inconsistent bug]]>
  </system-out>
  <testcase classname="testngpack.Flag3" name="login" time="0.000"/>
  <system-out>
    <![CDATA[inconsistent bug]]>
  </system-out>
  <testcase classname="testngpack.Flag3" name="login" time="0.000"/>
  <system-out>
    <![CDATA[inconsistent bug]]>
  </system-out>
  <testcase classname="testngpack.Flag3" name="login" time="0.000"/>
  <system-out>
    <![CDATA[inconsistent bug]]>
  </system-out>
  <testcase classname="testngpack.Flag3" name="login" time="0.001"/>
  <system-out>
    <![CDATA[inconsistent bug]]>
  </system-out>
  <testcase classname="testngpack.Flag3" name="login" time="0.000"/>
  <system-out>
    <![CDATA[inconsistent bug]]>
  </system-out>
  <testcase classname="testngpack.Flag3" name="login" time="0.000"/>
  <system-out>
    <![CDATA[inconsistent bug]]>
  </system-out>
  <testcase classname="testngpack.Flag3" name="login" time="0.000"/>
  <system-out>
    <![CDATA[inconsistent bug]]>
  </system-out>
  <testcase classname="testngpack.Flag3" name="login" time="0.000"/>
  <system-out>
    <![CDATA[inconsistent bug]]>
  </system-out>
  <testcase classname="testngpack.Flag3" name="login" time="0.000"/>
  <system-out>
    <![CDATA[inconsistent bug]]>
  </system-out>
  <testcase classname="testngpack.Flag3" name="login" time="0.001"/>
  <system-out>
    <![CDATA[inconsistent bug]]>
  </system-out>
  <testcase classname="testngpack.Flag3" name="login" time="0.000"/>
  <system-out>
    <![CDATA[inconsistent bug]]>
  </system-out>
  <testcase classname="testngpack.Flag3" name="login" time="0.000"/>
  <system-out>
    <![CDATA[inconsistent bug]]>
  </system-out>
  <testcase classname="testngpack.Flag3" name="login" time="0.001"/>
  <system-out>
    <![CDATA[inconsistent bug]]>
  </system-out>
  <testcase classname="testngpack.Flag3" name="login" time="0.000"/>
  <system-out>
    <![CDATA[inconsistent bug]]>
  </system-out>
  <testcase classname="testngpack.Flag3" name="login" time="0.000"/>
  <system-out>
    <![CDATA[inconsistent bug]]>
  </system-out>
  <testcase classname="testngpack.Flag3" name="login" time="0.001"/>
  <system-out>
    <![CDATA[inconsistent bug]]>
  </system-out>
  <testcase classname="testngpack.Flag3" name="login" time="0.001"/>
  <system-out>
    <![CDATA[inconsistent bug]]>
  </system-out>
  <testcase classname="testngpack.Flag3" name="login" time="0.000"/>
  <system-out>
    <![CDATA[inconsistent bug]]>
  </system-out>
  <testcase classname="testngpack.Flag3" name="login" time="0.001"/>
  <system-out>
    <![CDATA[inconsistent bug]]>
  </system-out>
  <testcase classname="testngpack.Flag3" name="login" time="0.001"/>
  <system-out>
    <![CDATA[inconsistent bug]]>
  </system-out>
  <testcase classname="testngpack.Flag3" name="login" time="0.000"/>
  <system-out>
    <![CDATA[inconsistent bug]]>
  </system-out>
  <testcase classname="testngpack.Flag3" name="login" time="0.000"/>
  <system-out>
    <![CDATA[inconsistent bug]]>
  </system-out>
  <testcase classname="testngpack.Flag3" name="login" time="0.001"/>
  <system-out>
    <![CDATA[inconsistent bug]]>
  </system-out>
  <testcase classname="testngpack.Flag3" name="login" time="0.000"/>
  <system-out>
    <![CDATA[inconsistent bug]]>
  </system-out>
  <testcase classname="testngpack.Flag3" name="login" time="0.000"/>
  <system-out>
    <![CDATA[inconsistent bug]]>
  </system-out>
  <testcase classname="testngpack.Flag3" name="login" time="0.000"/>
  <system-out>
    <![CDATA[inconsistent bug]]>
  </system-out>
  <testcase classname="testngpack.Flag3" name="login" time="0.006"/>
  <system-out>
    <![CDATA[inconsistent bug]]>
  </system-out>
  <testcase classname="testngpack.Flag3" name="login" time="0.000"/>
  <system-out>
    <![CDATA[inconsistent bug]]>
  </system-out>
  <testcase classname="testngpack.Flag3" name="login" time="0.000"/>
  <system-out>
    <![CDATA[inconsistent bug]]>
  </system-out>
  <testcase classname="testngpack.Flag3" name="login" time="0.001"/>
  <system-out>
    <![CDATA[inconsistent bug]]>
  </system-out>
  <testcase classname="testngpack.Flag3" name="login" time="0.000"/>
  <system-out>
    <![CDATA[inconsistent bug]]>
  </system-out>
  <testcase classname="testngpack.Flag3" name="login" time="0.000"/>
  <system-out>
    <![CDATA[inconsistent bug]]>
  </system-out>
  <testcase classname="testngpack.Flag3" name="login" time="0.001"/>
  <system-out>
    <![CDATA[inconsistent bug]]>
  </system-out>
  <testcase classname="testngpack.Flag3" name="login" time="0.000"/>
  <system-out>
    <![CDATA[inconsistent bug]]>
  </system-out>
  <testcase classname="testngpack.Flag3" name="login" time="0.000"/>
  <system-out>
    <![CDATA[inconsistent bug]]>
  </system-out>
  <testcase classname="testngpack.Flag3" name="login" time="0.000"/>
  <system-out>
    <![CDATA[inconsistent bug]]>
  </system-out>
  <testcase classname="testngpack.Flag3" name="login" time="0.001"/>
  <system-out>
    <![CDATA[inconsistent bug]]>
  </system-out>
  <testcase classname="testngpack.Flag3" name="login" time="0.000"/>
  <system-out>
    <![CDATA[inconsistent bug]]>
  </system-out>
  <testcase classname="testngpack.Flag3" name="login" time="0.000"/>
  <system-out>
    <![CDATA[inconsistent bug]]>
  </system-out>
  <testcase classname="testngpack.Flag3" name="login" time="0.001"/>
  <system-out>
    <![CDATA[inconsistent bug]]>
  </system-out>
  <testcase classname="testngpack.Flag3" name="login" time="0.000"/>
  <system-out>
    <![CDATA[inconsistent bug]]>
  </system-out>
  <testcase classname="testngpack.Flag3" name="login" time="0.000"/>
  <system-out>
    <![CDATA[inconsistent bug]]>
  </system-out>
  <testcase classname="testngpack.Flag3" name="login" time="0.000"/>
  <system-out>
    <![CDATA[inconsistent bug]]>
  </system-out>
  <testcase classname="testngpack.Flag3" name="login" time="0.000"/>
  <system-out>
    <![CDATA[inconsistent bug]]>
  </system-out>
  <testcase classname="testngpack.Flag3" name="login" time="0.001"/>
  <system-out>
    <![CDATA[inconsistent bug]]>
  </system-out>
  <testcase classname="testngpack.Flag3" name="login" time="0.001"/>
  <system-out>
    <![CDATA[inconsistent bug]]>
  </system-out>
  <testcase classname="testngpack.Flag3" name="login" time="0.001"/>
  <system-out>
    <![CDATA[inconsistent bug]]>
  </system-out>
  <testcase classname="testngpack.Flag3" name="login" time="0.001"/>
  <system-out>
    <![CDATA[inconsistent bug]]>
  </system-out>
  <testcase classname="testngpack.Flag3" name="login" time="0.000"/>
  <system-out>
    <![CDATA[inconsistent bug]]>
  </system-out>
  <testcase classname="testngpack.Flag3" name="login" time="0.000"/>
  <system-out>
    <![CDATA[inconsistent bug]]>
  </system-out>
  <testcase classname="testngpack.Flag3" name="login" time="0.000"/>
  <system-out>
    <![CDATA[inconsistent bug]]>
  </system-out>
  <testcase classname="testngpack.Flag3" name="login" time="0.000"/>
  <system-out>
    <![CDATA[inconsistent bug]]>
  </system-out>
  <testcase classname="testngpack.Flag3" name="login" time="0.000"/>
  <system-out>
    <![CDATA[inconsistent bug]]>
  </system-out>
  <testcase classname="testngpack.Flag3" name="login" time="0.001"/>
  <system-out>
    <![CDATA[inconsistent bug]]>
  </system-out>
  <testcase classname="testngpack.Flag3" name="login" time="0.000"/>
  <system-out>
    <![CDATA[inconsistent bug]]>
  </system-out>
  <testcase classname="testngpack.Flag3" name="login" time="0.000"/>
  <system-out>
    <![CDATA[inconsistent bug]]>
  </system-out>
  <testcase classname="testngpack.Flag3" name="login" time="0.000"/>
  <system-out>
    <![CDATA[inconsistent bug]]>
  </system-out>
  <testcase classname="testngpack.Flag3" name="login" time="0.000"/>
  <system-out>
    <![CDATA[inconsistent bug]]>
  </system-out>
  <testcase classname="testngpack.Flag3" name="login" time="0.001"/>
  <system-out>
    <![CDATA[inconsistent bug]]>
  </system-out>
  <testcase classname="testngpack.Flag3" name="login" time="0.000"/>
  <system-out>
    <![CDATA[inconsistent bug]]>
  </system-out>
  <testcase classname="testngpack.Flag3" name="login" time="0.000"/>
  <system-out>
    <![CDATA[inconsistent bug]]>
  </system-out>
  <testcase classname="testngpack.Flag3" name="login" time="0.000"/>
  <system-out>
    <![CDATA[inconsistent bug]]>
  </system-out>
  <testcase classname="testngpack.Flag3" name="login" time="0.000"/>
  <system-out>
    <![CDATA[inconsistent bug]]>
  </system-out>
  <testcase classname="testngpack.Flag3" name="login" time="0.001"/>
  <system-out>
    <![CDATA[inconsistent bug]]>
  </system-out>
  <testcase classname="testngpack.Flag3" name="login" time="0.000"/>
  <system-out>
    <![CDATA[inconsistent bug]]>
  </system-out>
  <testcase classname="testngpack.Flag3" name="login" time="0.000"/>
  <system-out>
    <![CDATA[inconsistent bug]]>
  </system-out>
  <testcase classname="testngpack.Flag3" name="login" time="0.001"/>
  <system-out>
    <![CDATA[inconsistent bug]]>
  </system-out>
  <testcase classname="testngpack.Flag3" name="login" time="0.000"/>
  <system-out>
    <![CDATA[inconsistent bug]]>
  </system-out>
  <testcase classname="testngpack.Flag3" name="login" time="0.000"/>
  <system-out>
    <![CDATA[inconsistent bug]]>
  </system-out>
  <testcase classname="testngpack.Flag3" name="login" time="0.001"/>
  <system-out>
    <![CDATA[inconsistent bug]]>
  </system-out>
  <testcase classname="testngpack.Flag3" name="login" time="0.000"/>
  <system-out>
    <![CDATA[inconsistent bug]]>
  </system-out>
  <testcase classname="testngpack.Flag3" name="login" time="0.001"/>
  <system-out>
    <![CDATA[inconsistent bug]]>
  </system-out>
  <testcase classname="testngpack.Flag3" name="login" time="0.000"/>
  <system-out>
    <![CDATA[inconsistent bug]]>
  </system-out>
  <testcase classname="testngpack.Flag3" name="login" time="0.000"/>
  <system-out>
    <![CDATA[inconsistent bug]]>
  </system-out>
  <testcase classname="testngpack.Flag3" name="login" time="0.000"/>
  <system-out>
    <![CDATA[inconsistent bug]]>
  </system-out>
  <testcase classname="testngpack.Flag3" name="login" time="0.001"/>
  <system-out>
    <![CDATA[inconsistent bug]]>
  </system-out>
  <testcase classname="testngpack.Flag3" name="login" time="0.000"/>
  <system-out>
    <![CDATA[inconsistent bug]]>
  </system-out>
  <testcase classname="testngpack.Flag3" name="login" time="0.001"/>
  <system-out>
    <![CDATA[inconsistent bug]]>
  </system-out>
  <testcase classname="testngpack.Flag3" name="login" time="0.001"/>
  <system-out>
    <![CDATA[inconsistent bug]]>
  </system-out>
  <testcase classname="testngpack.Flag3" name="login" time="0.000"/>
  <system-out>
    <![CDATA[inconsistent bug]]>
  </system-out>
  <testcase classname="testngpack.Flag3" name="login" time="0.000"/>
  <system-out>
    <![CDATA[inconsistent bug]]>
  </system-out>
  <testcase classname="testngpack.Flag3" name="login" time="0.000"/>
  <system-out>
    <![CDATA[inconsistent bug]]>
  </system-out>
  <testcase classname="testngpack.Flag3" name="login" time="0.000"/>
  <system-out>
    <![CDATA[inconsistent bug]]>
  </system-out>
  <testcase classname="testngpack.Flag3" name="login" time="0.001"/>
  <system-out>
    <![CDATA[inconsistent bug]]>
  </system-out>
  <testcase classname="testngpack.Flag3" name="login" time="0.001"/>
  <system-out>
    <![CDATA[inconsistent bug]]>
  </system-out>
  <testcase classname="testngpack.Flag3" name="login" time="0.000"/>
  <system-out>
    <![CDATA[inconsistent bug]]>
  </system-out>
  <testcase classname="testngpack.Flag3" name="login" time="0.001"/>
  <system-out>
    <![CDATA[inconsistent bug]]>
  </system-out>
  <testcase classname="testngpack.Flag3" name="login" time="0.007"/>
  <system-out>
    <![CDATA[inconsistent bug]]>
  </system-out>
  <testcase classname="testngpack.Flag3" name="login" time="0.000"/>
  <system-out>
    <![CDATA[inconsistent bug]]>
  </system-out>
  <testcase classname="testngpack.Flag3" name="login" time="0.000"/>
  <system-out>
    <![CDATA[inconsistent bug]]>
  </system-out>
  <testcase classname="testngpack.Flag3" name="login" time="0.001"/>
  <system-out>
    <![CDATA[inconsistent bug]]>
  </system-out>
  <testcase classname="testngpack.Flag3" name="login" time="0.000"/>
  <system-out>
    <![CDATA[inconsistent bug]]>
  </system-out>
  <testcase classname="testngpack.Flag3" name="login" time="0.000"/>
  <system-out>
    <![CDATA[inconsistent bug]]>
  </system-out>
  <testcase classname="testngpack.Flag3" name="login" time="0.000"/>
  <system-out>
    <![CDATA[inconsistent bug]]>
  </system-out>
  <testcase classname="testngpack.Flag3" name="login" time="0.000"/>
  <system-out>
    <![CDATA[inconsistent bug]]>
  </system-out>
  <testcase classname="testngpack.Flag3" name="login" time="0.000"/>
  <system-out>
    <![CDATA[inconsistent bug]]>
  </system-out>
  <testcase classname="testngpack.Flag3" name="login" time="0.000"/>
  <system-out>
    <![CDATA[inconsistent bug]]>
  </system-out>
  <testcase classname="testngpack.Flag3" name="login" time="0.000"/>
  <system-out>
    <![CDATA[inconsistent bug]]>
  </system-out>
  <testcase classname="testngpack.Flag3" name="login" time="0.000"/>
  <system-out>
    <![CDATA[inconsistent bug]]>
  </system-out>
  <testcase classname="testngpack.Flag3" name="login" time="0.000"/>
  <system-out>
    <![CDATA[inconsistent bug]]>
  </system-out>
  <testcase classname="testngpack.Flag3" name="login" time="0.000"/>
  <system-out>
    <![CDATA[inconsistent bug]]>
  </system-out>
  <testcase classname="testngpack.Flag3" name="login" time="0.001"/>
  <system-out>
    <![CDATA[inconsistent bug]]>
  </system-out>
  <testcase classname="testngpack.Flag3" name="login" time="0.000"/>
  <system-out>
    <![CDATA[inconsistent bug]]>
  </system-out>
  <testcase classname="testngpack.Flag3" name="login" time="0.000"/>
  <system-out>
    <![CDATA[inconsistent bug]]>
  </system-out>
  <testcase classname="testngpack.Flag3" name="login" time="0.000"/>
  <system-out>
    <![CDATA[inconsistent bug]]>
  </system-out>
  <testcase classname="testngpack.Flag3" name="login" time="0.000"/>
  <system-out>
    <![CDATA[inconsistent bug]]>
  </system-out>
  <testcase classname="testngpack.Flag3" name="login" time="0.000"/>
  <system-out>
    <![CDATA[inconsistent bug]]>
  </system-out>
  <testcase classname="testngpack.Flag3" name="login" time="0.000"/>
  <system-out>
    <![CDATA[inconsistent bug]]>
  </system-out>
  <testcase classname="testngpack.Flag3" name="login" time="0.000"/>
  <system-out>
    <![CDATA[inconsistent bug]]>
  </system-out>
  <testcase classname="testngpack.Flag3" name="login" time="0.000"/>
  <system-out>
    <![CDATA[inconsistent bug]]>
  </system-out>
  <testcase classname="testngpack.Flag3" name="login" time="0.001"/>
  <system-out>
    <![CDATA[inconsistent bug]]>
  </system-out>
  <testcase classname="testngpack.Flag3" name="login" time="0.000"/>
  <system-out>
    <![CDATA[inconsistent bug]]>
  </system-out>
  <testcase classname="testngpack.Flag3" name="login" time="0.000"/>
  <system-out>
    <![CDATA[inconsistent bug]]>
  </system-out>
  <testcase classname="testngpack.Flag3" name="login" time="0.000"/>
  <system-out>
    <![CDATA[inconsistent bug]]>
  </system-out>
  <testcase classname="testngpack.Flag3" name="login" time="0.001"/>
  <system-out>
    <![CDATA[inconsistent bug]]>
  </system-out>
  <testcase classname="testngpack.Flag3" name="login" time="0.001"/>
  <system-out>
    <![CDATA[inconsistent bug]]>
  </system-out>
  <testcase classname="testngpack.Flag3" name="login" time="0.000"/>
  <system-out>
    <![CDATA[inconsistent bug]]>
  </system-out>
  <testcase classname="testngpack.Flag3" name="login" time="0.001"/>
  <system-out>
    <![CDATA[inconsistent bug]]>
  </system-out>
  <testcase classname="testngpack.Flag3" name="login" time="0.001"/>
  <system-out>
    <![CDATA[inconsistent bug]]>
  </system-out>
  <testcase classname="testngpack.Flag3" name="login" time="0.000"/>
  <system-out>
    <![CDATA[inconsistent bug]]>
  </system-out>
  <testcase classname="testngpack.Flag3" name="login" time="0.000"/>
  <system-out>
    <![CDATA[inconsistent bug]]>
  </system-out>
  <testcase classname="testngpack.Flag3" name="login" time="0.001"/>
  <system-out>
    <![CDATA[inconsistent bug]]>
  </system-out>
  <testcase classname="testngpack.Flag3" name="login" time="0.001"/>
  <system-out>
    <![CDATA[inconsistent bug]]>
  </system-out>
  <testcase classname="testngpack.Flag3" name="login" time="0.000"/>
  <system-out>
    <![CDATA[inconsistent bug]]>
  </system-out>
  <testcase classname="testngpack.Flag3" name="login" time="0.000"/>
  <system-out>
    <![CDATA[inconsistent bug]]>
  </system-out>
  <testcase classname="testngpack.Flag3" name="login" time="0.000"/>
  <system-out>
    <![CDATA[inconsistent bug]]>
  </system-out>
  <testcase classname="testngpack.Flag3" name="login" time="0.000"/>
  <system-out>
    <![CDATA[inconsistent bug]]>
  </system-out>
  <testcase classname="testngpack.Flag3" name="login" time="0.000"/>
  <system-out>
    <![CDATA[inconsistent bug]]>
  </system-out>
  <testcase classname="testngpack.Flag3" name="login" time="0.001"/>
  <system-out>
    <![CDATA[inconsistent bug]]>
  </system-out>
  <testcase classname="testngpack.Flag3" name="login" time="0.000"/>
  <system-out>
    <![CDATA[inconsistent bug]]>
  </system-out>
  <testcase classname="testngpack.Flag3" name="login" time="0.001"/>
  <system-out>
    <![CDATA[inconsistent bug]]>
  </system-out>
  <testcase classname="testngpack.Flag3" name="login" time="0.001"/>
  <system-out>
    <![CDATA[inconsistent bug]]>
  </system-out>
  <testcase classname="testngpack.Flag3" name="login" time="0.000"/>
  <system-out>
    <![CDATA[inconsistent bug]]>
  </system-out>
  <testcase classname="testngpack.Flag3" name="login" time="0.001"/>
  <system-out>
    <![CDATA[inconsistent bug]]>
  </system-out>
  <testcase classname="testngpack.Flag3" name="login" time="0.000"/>
  <system-out>
    <![CDATA[inconsistent bug]]>
  </system-out>
  <testcase classname="testngpack.Flag3" name="login" time="0.000"/>
  <system-out>
    <![CDATA[inconsistent bug]]>
  </system-out>
  <testcase classname="testngpack.Flag3" name="login" time="0.000"/>
  <system-out>
    <![CDATA[inconsistent bug]]>
  </system-out>
  <testcase classname="testngpack.Flag3" name="login" time="0.000"/>
  <system-out>
    <![CDATA[inconsistent bug]]>
  </system-out>
  <testcase classname="testngpack.Flag3" name="login" time="0.000"/>
  <system-out>
    <![CDATA[inconsistent bug]]>
  </system-out>
  <testcase classname="testngpack.Flag3" name="login" time="0.001"/>
  <system-out>
    <![CDATA[inconsistent bug]]>
  </system-out>
  <testcase classname="testngpack.Flag3" name="login" time="0.001"/>
  <system-out>
    <![CDATA[inconsistent bug]]>
  </system-out>
  <testcase classname="testngpack.Flag3" name="login" time="0.001"/>
  <system-out>
    <![CDATA[inconsistent bug]]>
  </system-out>
  <testcase classname="testngpack.Flag3" name="login" time="0.000"/>
  <system-out>
    <![CDATA[inconsistent bug]]>
  </system-out>
  <testcase classname="testngpack.Flag3" name="login" time="0.001"/>
  <system-out>
    <![CDATA[inconsistent bug]]>
  </system-out>
  <testcase classname="testngpack.Flag3" name="login" time="0.000"/>
  <system-out>
    <![CDATA[inconsistent bug]]>
  </system-out>
  <testcase classname="testngpack.Flag3" name="login" time="0.000"/>
  <system-out>
    <![CDATA[inconsistent bug]]>
  </system-out>
  <testcase classname="testngpack.Flag3" name="login" time="0.000"/>
  <system-out>
    <![CDATA[inconsistent bug]]>
  </system-out>
  <testcase classname="testngpack.Flag3" name="login" time="0.001"/>
  <system-out>
    <![CDATA[inconsistent bug]]>
  </system-out>
  <testcase classname="testngpack.Flag3" name="login" time="0.001"/>
  <system-out>
    <![CDATA[inconsistent bug]]>
  </system-out>
  <testcase classname="testngpack.Flag3" name="login" time="0.000"/>
  <system-out>
    <![CDATA[inconsistent bug]]>
  </system-out>
  <testcase classname="testngpack.Flag3" name="login" time="0.001"/>
  <system-out>
    <![CDATA[inconsistent bug]]>
  </system-out>
  <testcase classname="testngpack.Flag3" name="login" time="0.001"/>
  <system-out>
    <![CDATA[inconsistent bug]]>
  </system-out>
  <testcase classname="testngpack.Flag3" name="login" time="0.000"/>
  <system-out>
    <![CDATA[inconsistent bug]]>
  </system-out>
  <testcase classname="testngpack.Flag3" name="login" time="0.001"/>
  <system-out>
    <![CDATA[inconsistent bug]]>
  </system-out>
  <testcase classname="testngpack.Flag3" name="login" time="0.001"/>
  <system-out>
    <![CDATA[inconsistent bug]]>
  </system-out>
  <testcase classname="testngpack.Flag3" name="login" time="0.000"/>
  <system-out>
    <![CDATA[inconsistent bug]]>
  </system-out>
  <testcase classname="testngpack.Flag3" name="login" time="0.000"/>
  <system-out>
    <![CDATA[inconsistent bug]]>
  </system-out>
  <testcase classname="testngpack.Flag3" name="login" time="0.001"/>
  <system-out>
    <![CDATA[inconsistent bug]]>
  </system-out>
  <testcase classname="testngpack.Flag3" name="login" time="0.000"/>
  <system-out>
    <![CDATA[inconsistent bug]]>
  </system-out>
  <testcase classname="testngpack.Flag3" name="login" time="0.000"/>
  <system-out>
    <![CDATA[inconsistent bug]]>
  </system-out>
  <testcase classname="testngpack.Flag3" name="login" time="0.000"/>
  <system-out>
    <![CDATA[inconsistent bug]]>
  </system-out>
  <testcase classname="testngpack.Flag3" name="login" time="0.000"/>
  <system-out>
    <![CDATA[inconsistent bug]]>
  </system-out>
  <testcase classname="testngpack.Flag3" name="login" time="0.000"/>
  <system-out>
    <![CDATA[inconsistent bug]]>
  </system-out>
  <testcase classname="testngpack.Flag3" name="login" time="0.000"/>
  <system-out>
    <![CDATA[inconsistent bug]]>
  </system-out>
  <testcase classname="testngpack.Flag3" name="login" time="0.000"/>
  <system-out>
    <![CDATA[inconsistent bug]]>
  </system-out>
  <testcase classname="testngpack.Flag3" name="login" time="0.001"/>
  <system-out>
    <![CDATA[inconsistent bug]]>
  </system-out>
  <testcase classname="testngpack.Flag3" name="login" time="0.000"/>
  <system-out>
    <![CDATA[inconsistent bug]]>
  </system-out>
  <testcase classname="testngpack.Flag3" name="login" time="0.001"/>
  <system-out>
    <![CDATA[inconsistent bug]]>
  </system-out>
  <testcase classname="testngpack.Flag3" name="login" time="0.000"/>
  <system-out>
    <![CDATA[inconsistent bug]]>
  </system-out>
  <testcase classname="testngpack.Flag3" name="login" time="0.001"/>
  <system-out>
    <![CDATA[inconsistent bug]]>
  </system-out>
  <testcase classname="testngpack.Flag3" name="login" time="0.001"/>
  <system-out>
    <![CDATA[inconsistent bug]]>
  </system-out>
  <testcase classname="testngpack.Flag3" name="login" time="0.000"/>
  <system-out>
    <![CDATA[inconsistent bug]]>
  </system-out>
  <testcase classname="testngpack.Flag3" name="login" time="0.001"/>
  <system-out>
    <![CDATA[inconsistent bug]]>
  </system-out>
  <testcase classname="testngpack.Flag3" name="login" time="0.001"/>
  <system-out>
    <![CDATA[inconsistent bug]]>
  </system-out>
  <testcase classname="testngpack.Flag3" name="login" time="0.000"/>
  <system-out>
    <![CDATA[inconsistent bug]]>
  </system-out>
  <testcase classname="testngpack.Flag3" name="login" time="0.000"/>
  <system-out>
    <![CDATA[inconsistent bug]]>
  </system-out>
  <testcase classname="testngpack.Flag3" name="login" time="0.000"/>
  <system-out>
    <![CDATA[inconsistent bug]]>
  </system-out>
  <testcase classname="testngpack.Flag3" name="login" time="0.001"/>
  <system-out>
    <![CDATA[inconsistent bug]]>
  </system-out>
  <testcase classname="testngpack.Flag3" name="login" time="0.000"/>
  <system-out>
    <![CDATA[inconsistent bug]]>
  </system-out>
  <testcase classname="testngpack.Flag3" name="login" time="0.000"/>
  <system-out>
    <![CDATA[inconsistent bug]]>
  </system-out>
  <testcase classname="testngpack.Flag3" name="login" time="0.000"/>
  <system-out>
    <![CDATA[inconsistent bug]]>
  </system-out>
  <testcase classname="testngpack.Flag3" name="login" time="0.000"/>
  <system-out>
    <![CDATA[inconsistent bug]]>
  </system-out>
  <testcase classname="testngpack.Flag3" name="login" time="0.000"/>
  <system-out>
    <![CDATA[inconsistent bug]]>
  </system-out>
  <testcase classname="testngpack.Flag3" name="login" time="0.000"/>
  <system-out>
    <![CDATA[inconsistent bug]]>
  </system-out>
  <testcase classname="testngpack.Flag3" name="login" time="0.000"/>
  <system-out>
    <![CDATA[inconsistent bug]]>
  </system-out>
  <testcase classname="testngpack.Flag3" name="login" time="0.001"/>
  <system-out>
    <![CDATA[inconsistent bug]]>
  </system-out>
  <testcase classname="testngpack.Flag3" name="login" time="0.000"/>
  <system-out>
    <![CDATA[inconsistent bug]]>
  </system-out>
  <testcase classname="testngpack.Flag3" name="login" time="0.000"/>
  <system-out>
    <![CDATA[inconsistent bug]]>
  </system-out>
  <testcase classname="testngpack.Flag3" name="login" time="0.000"/>
  <system-out>
    <![CDATA[inconsistent bug]]>
  </system-out>
  <testcase classname="testngpack.Flag3" name="login" time="0.000"/>
  <system-out>
    <![CDATA[inconsistent bug]]>
  </system-out>
  <testcase classname="testngpack.Flag3" name="login" time="0.001"/>
  <system-out>
    <![CDATA[inconsistent bug]]>
  </system-out>
  <testcase classname="testngpack.Flag3" name="login" time="0.001"/>
  <system-out>
    <![CDATA[inconsistent bug]]>
  </system-out>
  <testcase classname="testngpack.Flag3" name="login" time="0.000"/>
  <system-out>
    <![CDATA[inconsistent bug]]>
  </system-out>
  <testcase classname="testngpack.Flag3" name="login" time="0.001"/>
  <system-out>
    <![CDATA[inconsistent bug]]>
  </system-out>
  <testcase classname="testngpack.Flag3" name="login" time="0.000"/>
  <system-out>
    <![CDATA[inconsistent bug]]>
  </system-out>
  <testcase classname="testngpack.Flag3" name="login" time="0.000"/>
  <system-out>
    <![CDATA[inconsistent bug]]>
  </system-out>
  <testcase classname="testngpack.Flag3" name="login" time="0.000"/>
  <system-out>
    <![CDATA[inconsistent bug]]>
  </system-out>
  <testcase classname="testngpack.Flag3" name="login" time="0.000"/>
  <system-out>
    <![CDATA[inconsistent bug]]>
  </system-out>
  <testcase classname="testngpack.Flag3" name="login" time="0.000"/>
  <system-out>
    <![CDATA[inconsistent bug]]>
  </system-out>
  <testcase classname="testngpack.Flag3" name="login" time="0.001"/>
  <system-out>
    <![CDATA[inconsistent bug]]>
  </system-out>
  <testcase classname="testngpack.Flag3" name="login" time="0.001"/>
  <system-out>
    <![CDATA[inconsistent bug]]>
  </system-out>
  <testcase classname="testngpack.Flag3" name="login" time="0.000"/>
  <system-out>
    <![CDATA[inconsistent bug]]>
  </system-out>
  <testcase classname="testngpack.Flag3" name="login" time="0.000"/>
  <system-out>
    <![CDATA[inconsistent bug]]>
  </system-out>
  <testcase classname="testngpack.Flag3" name="login" time="0.001"/>
  <system-out>
    <![CDATA[inconsistent bug]]>
  </system-out>
  <testcase classname="testngpack.Flag3" name="login" time="0.000"/>
  <system-out>
    <![CDATA[inconsistent bug]]>
  </system-out>
  <testcase classname="testngpack.Flag3" name="login" time="0.000"/>
  <system-out>
    <![CDATA[inconsistent bug]]>
  </system-out>
  <testcase classname="testngpack.Flag3" name="login" time="0.001"/>
  <system-out>
    <![CDATA[inconsistent bug]]>
  </system-out>
  <testcase classname="testngpack.Flag3" name="login" time="0.001"/>
  <system-out>
    <![CDATA[inconsistent bug]]>
  </system-out>
  <testcase classname="testngpack.Flag3" name="login" time="0.000"/>
  <system-out>
    <![CDATA[inconsistent bug]]>
  </system-out>
  <testcase classname="testngpack.Flag3" name="login" time="0.000"/>
  <system-out>
    <![CDATA[inconsistent bug]]>
  </system-out>
  <testcase classname="testngpack.Flag3" name="login" time="0.000"/>
  <system-out>
    <![CDATA[inconsistent bug]]>
  </system-out>
  <testcase classname="testngpack.Flag3" name="login" time="0.000"/>
  <system-out>
    <![CDATA[inconsistent bug]]>
  </system-out>
  <testcase classname="testngpack.Flag3" name="login" time="0.000"/>
  <system-out>
    <![CDATA[inconsistent bug]]>
  </system-out>
  <testcase classname="testngpack.Flag3" name="login" time="0.000"/>
  <system-out>
    <![CDATA[inconsistent bug]]>
  </system-out>
  <testcase classname="testngpack.Flag3" name="login" time="0.000"/>
  <system-out>
    <![CDATA[inconsistent bug]]>
  </system-out>
  <testcase classname="testngpack.Flag3" name="login" time="0.000"/>
  <system-out>
    <![CDATA[inconsistent bug]]>
  </system-out>
  <testcase classname="testngpack.Flag3" name="login" time="0.000"/>
  <system-out>
    <![CDATA[inconsistent bug]]>
  </system-out>
  <testcase classname="testngpack.Flag3" name="login" time="0.000"/>
  <system-out>
    <![CDATA[inconsistent bug]]>
  </system-out>
  <testcase classname="testngpack.Flag3" name="login" time="0.000"/>
  <system-out>
    <![CDATA[inconsistent bug]]>
  </system-out>
  <testcase classname="testngpack.Flag3" name="login" time="0.001"/>
  <system-out>
    <![CDATA[inconsistent bug]]>
  </system-out>
  <testcase classname="testngpack.Flag3" name="login" time="0.000"/>
  <system-out>
    <![CDATA[inconsistent bug]]>
  </system-out>
  <testcase classname="testngpack.Flag3" name="login" time="0.000"/>
  <system-out>
    <![CDATA[inconsistent bug]]>
  </system-out>
  <testcase classname="testngpack.Flag3" name="login" time="0.001"/>
  <system-out>
    <![CDATA[inconsistent bug]]>
  </system-out>
  <testcase classname="testngpack.Flag3" name="login" time="0.001"/>
  <system-out>
    <![CDATA[inconsistent bug]]>
  </system-out>
  <testcase classname="testngpack.Flag3" name="login" time="0.000"/>
  <system-out>
    <![CDATA[inconsistent bug]]>
  </system-out>
  <testcase classname="testngpack.Flag3" name="login" time="0.001"/>
  <system-out>
    <![CDATA[inconsistent bug]]>
  </system-out>
  <testcase classname="testngpack.Flag3" name="login" time="0.001"/>
  <system-out>
    <![CDATA[inconsistent bug]]>
  </system-out>
  <testcase classname="testngpack.Flag3" name="login" time="0.001"/>
  <system-out>
    <![CDATA[inconsistent bug]]>
  </system-out>
  <testcase classname="testngpack.Flag3" name="login" time="0.001"/>
  <system-out>
    <![CDATA[inconsistent bug]]>
  </system-out>
  <testcase classname="testngpack.Flag3" name="login" time="0.000"/>
  <system-out>
    <![CDATA[inconsistent bug]]>
  </system-out>
  <testcase classname="testngpack.Flag3" name="login" time="0.000"/>
  <system-out>
    <![CDATA[inconsistent bug]]>
  </system-out>
  <testcase classname="testngpack.Flag3" name="login" time="0.001"/>
  <system-out>
    <![CDATA[inconsistent bug]]>
  </system-out>
  <testcase classname="testngpack.Flag3" name="login" time="0.001"/>
  <system-out>
    <![CDATA[inconsistent bug]]>
  </system-out>
  <testcase classname="testngpack.Flag3" name="login" time="0.001"/>
  <system-out>
    <![CDATA[inconsistent bug]]>
  </system-out>
  <testcase classname="testngpack.Flag3" name="login" time="0.001"/>
  <system-out>
    <![CDATA[inconsistent bug]]>
  </system-out>
  <testcase classname="testngpack.Flag3" name="login" time="0.000"/>
  <system-out>
    <![CDATA[inconsistent bug]]>
  </system-out>
  <testcase classname="testngpack.Flag3" name="login" time="0.001"/>
  <system-out>
    <![CDATA[inconsistent bug]]>
  </system-out>
  <testcase classname="testngpack.Flag3" name="login" time="0.001"/>
  <system-out>
    <![CDATA[inconsistent bug]]>
  </system-out>
  <testcase classname="testngpack.Flag3" name="login" time="0.001"/>
  <system-out>
    <![CDATA[inconsistent bug]]>
  </system-out>
  <testcase classname="testngpack.Flag3" name="login" time="0.001"/>
  <system-out>
    <![CDATA[inconsistent bug]]>
  </system-out>
  <testcase classname="testngpack.Flag3" name="login" time="0.001"/>
  <system-out>
    <![CDATA[inconsistent bug]]>
  </system-out>
  <testcase classname="testngpack.Flag3" name="login" time="0.001"/>
  <system-out>
    <![CDATA[inconsistent bug]]>
  </system-out>
  <testcase classname="testngpack.Flag3" name="login" time="0.000"/>
  <system-out>
    <![CDATA[inconsistent bug]]>
  </system-out>
  <testcase classname="testngpack.Flag3" name="login" time="0.000"/>
  <system-out>
    <![CDATA[inconsistent bug]]>
  </system-out>
  <testcase classname="testngpack.Flag3" name="login" time="0.001"/>
  <system-out>
    <![CDATA[inconsistent bug]]>
  </system-out>
  <testcase classname="testngpack.Flag3" name="login" time="0.000"/>
  <system-out>
    <![CDATA[inconsistent bug]]>
  </system-out>
  <testcase classname="testngpack.Flag3" name="login" time="0.000"/>
  <system-out>
    <![CDATA[inconsistent bug]]>
  </system-out>
  <testcase classname="testngpack.Flag3" name="login" time="0.000"/>
  <system-out>
    <![CDATA[inconsistent bug]]>
  </system-out>
  <testcase classname="testngpack.Flag3" name="login" time="0.000"/>
  <system-out>
    <![CDATA[inconsistent bug]]>
  </system-out>
  <testcase classname="testngpack.Flag3" name="login" time="0.000"/>
  <system-out>
    <![CDATA[inconsistent bug]]>
  </system-out>
  <testcase classname="testngpack.Flag3" name="login" time="0.001"/>
  <system-out>
    <![CDATA[inconsistent bug]]>
  </system-out>
  <testcase classname="testngpack.Flag3" name="login" time="0.001"/>
  <system-out>
    <![CDATA[inconsistent bug]]>
  </system-out>
  <testcase classname="testngpack.Flag3" name="login" time="0.001"/>
  <system-out>
    <![CDATA[inconsistent bug]]>
  </system-out>
  <testcase classname="testngpack.Flag3" name="login" time="0.000"/>
  <system-out>
    <![CDATA[inconsistent bug]]>
  </system-out>
  <testcase classname="testngpack.Flag3" name="login" time="0.000"/>
  <system-out>
    <![CDATA[inconsistent bug]]>
  </system-out>
  <testcase classname="testngpack.Flag3" name="login" time="0.000"/>
  <system-out>
    <![CDATA[inconsistent bug]]>
  </system-out>
  <testcase classname="testngpack.Flag3" name="login" time="0.000"/>
  <system-out>
    <![CDATA[inconsistent bug]]>
  </system-out>
  <testcase classname="testngpack.Flag3" name="login" time="0.000"/>
  <system-out>
    <![CDATA[inconsistent bug]]>
  </system-out>
  <testcase classname="testngpack.Flag3" name="login" time="0.000"/>
  <system-out>
    <![CDATA[inconsistent bug]]>
  </system-out>
  <testcase classname="testngpack.Flag3" name="login" time="0.000"/>
  <system-out>
    <![CDATA[inconsistent bug]]>
  </system-out>
  <testcase classname="testngpack.Flag3" name="login" time="0.001"/>
  <system-out>
    <![CDATA[inconsistent bug]]>
  </system-out>
  <testcase classname="testngpack.Flag3" name="login" time="0.000"/>
  <system-out>
    <![CDATA[inconsistent bug]]>
  </system-out>
  <testcase classname="testngpack.Flag3" name="login" time="0.001"/>
  <system-out>
    <![CDATA[inconsistent bug]]>
  </system-out>
  <testcase classname="testngpack.Flag3" name="login" time="0.000"/>
  <system-out>
    <![CDATA[inconsistent bug]]>
  </system-out>
  <testcase classname="testngpack.Flag3" name="login" time="0.000"/>
  <system-out>
    <![CDATA[inconsistent bug]]>
  </system-out>
  <testcase classname="testngpack.Flag3" name="login" time="0.000"/>
  <system-out>
    <![CDATA[inconsistent bug]]>
  </system-out>
  <testcase classname="testngpack.Flag3" name="login" time="0.001"/>
  <system-out>
    <![CDATA[inconsistent bug]]>
  </system-out>
  <testcase classname="testngpack.Flag3" name="login" time="0.001"/>
  <system-out>
    <![CDATA[inconsistent bug]]>
  </system-out>
  <testcase classname="testngpack.Flag3" name="login" time="0.000"/>
  <system-out>
    <![CDATA[inconsistent bug]]>
  </system-out>
  <testcase classname="testngpack.Flag3" name="login" time="0.000"/>
  <system-out>
    <![CDATA[inconsistent bug]]>
  </system-out>
  <testcase classname="testngpack.Flag3" name="login" time="0.001"/>
  <system-out>
    <![CDATA[inconsistent bug]]>
  </system-out>
  <testcase classname="testngpack.Flag3" name="login" time="0.000"/>
  <system-out>
    <![CDATA[inconsistent bug]]>
  </system-out>
  <testcase classname="testngpack.Flag3" name="login" time="0.001"/>
  <system-out>
    <![CDATA[inconsistent bug]]>
  </system-out>
  <testcase classname="testngpack.Flag3" name="login" time="0.000"/>
  <system-out>
    <![CDATA[inconsistent bug]]>
  </system-out>
  <testcase classname="testngpack.Flag3" name="login" time="0.000"/>
  <system-out>
    <![CDATA[inconsistent bug]]>
  </system-out>
  <testcase classname="testngpack.Flag3" name="login" time="0.000"/>
  <system-out>
    <![CDATA[inconsistent bug]]>
  </system-out>
  <testcase classname="testngpack.Flag3" name="login" time="0.000"/>
  <system-out>
    <![CDATA[inconsistent bug]]>
  </system-out>
  <testcase classname="testngpack.Flag3" name="login" time="0.000"/>
  <system-out>
    <![CDATA[inconsistent bug]]>
  </system-out>
  <testcase classname="testngpack.Flag3" name="login" time="0.001"/>
  <system-out>
    <![CDATA[inconsistent bug]]>
  </system-out>
  <testcase classname="testngpack.Flag3" name="login" time="0.000"/>
  <system-out>
    <![CDATA[inconsistent bug]]>
  </system-out>
  <testcase classname="testngpack.Flag3" name="login" time="0.001"/>
  <system-out>
    <![CDATA[inconsistent bug]]>
  </system-out>
  <testcase classname="testngpack.Flag3" name="login" time="0.000"/>
  <system-out>
    <![CDATA[inconsistent bug]]>
  </system-out>
  <testcase classname="testngpack.Flag3" name="login" time="0.000"/>
  <system-out>
    <![CDATA[inconsistent bug]]>
  </system-out>
  <testcase classname="testngpack.Flag3" name="login" time="0.000"/>
  <system-out>
    <![CDATA[inconsistent bug]]>
  </system-out>
  <testcase classname="testngpack.Flag3" name="login" time="0.000"/>
  <system-out>
    <![CDATA[inconsistent bug]]>
  </system-out>
  <testcase classname="testngpack.Flag3" name="login" time="0.001"/>
  <system-out>
    <![CDATA[inconsistent bug]]>
  </system-out>
  <testcase classname="testngpack.Flag3" name="login" time="0.000"/>
  <system-out>
    <![CDATA[inconsistent bug]]>
  </system-out>
  <testcase classname="testngpack.Flag3" name="login" time="0.000"/>
  <system-out>
    <![CDATA[inconsistent bug]]>
  </system-out>
  <testcase classname="testngpack.Flag3" name="login" time="0.000"/>
  <system-out>
    <![CDATA[inconsistent bug]]>
  </system-out>
  <testcase classname="testngpack.Flag3" name="login" time="0.000"/>
  <system-out>
    <![CDATA[inconsistent bug]]>
  </system-out>
  <testcase classname="testngpack.Flag3" name="login" time="0.000"/>
  <system-out>
    <![CDATA[inconsistent bug]]>
  </system-out>
  <testcase classname="testngpack.Flag3" name="login" time="0.001"/>
  <system-out>
    <![CDATA[inconsistent bug]]>
  </system-out>
  <testcase classname="testngpack.Flag3" name="login" time="0.001"/>
  <system-out>
    <![CDATA[inconsistent bug]]>
  </system-out>
  <testcase classname="testngpack.Flag3" name="login" time="0.000"/>
  <system-out>
    <![CDATA[inconsistent bug]]>
  </system-out>
  <testcase classname="testngpack.Flag3" name="login" time="0.000"/>
  <system-out>
    <![CDATA[inconsistent bug]]>
  </system-out>
  <testcase classname="testngpack.Flag3" name="login" time="0.000"/>
  <system-out>
    <![CDATA[inconsistent bug]]>
  </system-out>
  <testcase classname="testngpack.Flag3" name="login" time="0.001"/>
  <system-out>
    <![CDATA[inconsistent bug]]>
  </system-out>
  <testcase classname="testngpack.Flag3" name="login" time="0.000"/>
  <system-out>
    <![CDATA[inconsistent bug]]>
  </system-out>
  <testcase classname="testngpack.Flag3" name="login" time="0.001"/>
  <system-out>
    <![CDATA[inconsistent bug]]>
  </system-out>
  <testcase classname="testngpack.Flag3" name="login" time="0.001"/>
  <system-out>
    <![CDATA[inconsistent bug]]>
  </system-out>
  <testcase classname="testngpack.Flag3" name="login" time="0.001"/>
  <system-out>
    <![CDATA[inconsistent bug]]>
  </system-out>
  <testcase classname="testngpack.Flag3" name="login" time="0.001"/>
  <system-out>
    <![CDATA[inconsistent bug]]>
  </system-out>
  <testcase classname="testngpack.Flag3" name="login" time="0.001"/>
  <system-out>
    <![CDATA[inconsistent bug]]>
  </system-out>
  <testcase classname="testngpack.Flag3" name="login" time="0.000"/>
  <system-out>
    <![CDATA[inconsistent bug]]>
  </system-out>
  <testcase classname="testngpack.Flag3" name="login" time="0.000"/>
  <system-out>
    <![CDATA[inconsistent bug]]>
  </system-out>
  <testcase classname="testngpack.Flag3" name="login" time="0.001"/>
  <system-out>
    <![CDATA[inconsistent bug]]>
  </system-out>
  <testcase classname="testngpack.Flag3" name="login" time="0.001"/>
  <system-out>
    <![CDATA[inconsistent bug]]>
  </system-out>
  <testcase classname="testngpack.Flag3" name="login" time="0.000"/>
  <system-out>
    <![CDATA[inconsistent bug]]>
  </system-out>
  <testcase classname="testngpack.Flag3" name="login" time="0.000"/>
  <system-out>
    <![CDATA[inconsistent bug]]>
  </system-out>
  <testcase classname="testngpack.Flag3" name="login" time="0.001"/>
  <system-out>
    <![CDATA[inconsistent bug]]>
  </system-out>
  <testcase classname="testngpack.Flag3" name="login" time="0.000"/>
  <system-out>
    <![CDATA[inconsistent bug]]>
  </system-out>
  <testcase classname="testngpack.Flag3" name="login" time="0.000"/>
  <system-out>
    <![CDATA[inconsistent bug]]>
  </system-out>
  <testcase classname="testngpack.Flag3" name="login" time="0.000"/>
  <system-out>
    <![CDATA[inconsistent bug]]>
  </system-out>
  <testcase classname="testngpack.Flag3" name="login" time="0.000"/>
  <system-out>
    <![CDATA[inconsistent bug]]>
  </system-out>
  <testcase classname="testngpack.Flag3" name="login" time="0.000"/>
  <system-out>
    <![CDATA[inconsistent bug]]>
  </system-out>
  <testcase classname="testngpack.Flag3" name="login" time="0.000"/>
  <system-out>
    <![CDATA[inconsistent bug]]>
  </system-out>
  <testcase classname="testngpack.Flag3" name="login" time="0.000"/>
  <system-out>
    <![CDATA[inconsistent bug]]>
  </system-out>
  <testcase classname="testngpack.Flag3" name="login" time="0.000"/>
  <system-out>
    <![CDATA[inconsistent bug]]>
  </system-out>
  <testcase classname="testngpack.Flag3" name="login" time="0.001"/>
  <system-out>
    <![CDATA[inconsistent bug]]>
  </system-out>
  <testcase classname="testngpack.Flag3" name="login" time="0.001"/>
  <system-out>
    <![CDATA[inconsistent bug]]>
  </system-out>
  <testcase classname="testngpack.Flag3" name="login" time="0.000"/>
  <system-out>
    <![CDATA[inconsistent bug]]>
  </system-out>
  <testcase classname="testngpack.Flag3" name="login" time="0.000"/>
  <system-out>
    <![CDATA[inconsistent bug]]>
  </system-out>
  <testcase classname="testngpack.Flag3" name="login" time="0.000"/>
  <system-out>
    <![CDATA[inconsistent bug]]>
  </system-out>
  <testcase classname="testngpack.Flag3" name="login" time="0.001"/>
  <system-out>
    <![CDATA[inconsistent bug]]>
  </system-out>
  <testcase classname="testngpack.Flag3" name="login" time="0.000"/>
  <system-out>
    <![CDATA[inconsistent bug]]>
  </system-out>
  <testcase classname="testngpack.Flag3" name="login" time="0.000"/>
  <system-out>
    <![CDATA[inconsistent bug]]>
  </system-out>
  <testcase classname="testngpack.Flag3" name="login" time="0.000"/>
  <system-out>
    <![CDATA[inconsistent bug]]>
  </system-out>
  <testcase classname="testngpack.Flag3" name="login" time="0.001"/>
  <system-out>
    <![CDATA[inconsistent bug]]>
  </system-out>
  <testcase classname="testngpack.Flag3" name="login" time="0.000"/>
  <system-out>
    <![CDATA[inconsistent bug]]>
  </system-out>
  <testcase classname="testngpack.Flag3" name="login" time="0.000"/>
  <system-out>
    <![CDATA[inconsistent bug]]>
  </system-out>
  <testcase classname="testngpack.Flag3" name="login" time="0.001"/>
  <system-out>
    <![CDATA[inconsistent bug]]>
  </system-out>
  <testcase classname="testngpack.Flag3" name="login" time="0.000"/>
  <system-out>
    <![CDATA[inconsistent bug]]>
  </system-out>
  <testcase classname="testngpack.Flag3" name="login" time="0.000"/>
  <system-out>
    <![CDATA[inconsistent bug]]>
  </system-out>
  <testcase classname="testngpack.Flag3" name="login" time="0.001"/>
  <system-out>
    <![CDATA[inconsistent bug]]>
  </system-out>
  <testcase classname="testngpack.Flag3" name="login" time="0.000"/>
  <system-out>
    <![CDATA[inconsistent bug]]>
  </system-out>
  <testcase classname="testngpack.Flag3" name="login" time="0.001"/>
  <system-out>
    <![CDATA[inconsistent bug]]>
  </system-out>
  <testcase classname="testngpack.Flag3" name="login" time="0.000"/>
  <system-out>
    <![CDATA[inconsistent bug]]>
  </system-out>
  <testcase classname="testngpack.Flag3" name="login" time="0.000"/>
  <system-out>
    <![CDATA[inconsistent bug]]>
  </system-out>
  <testcase classname="testngpack.Flag3" name="login" time="0.000"/>
  <system-out>
    <![CDATA[inconsistent bug]]>
  </system-out>
  <testcase classname="testngpack.Flag3" name="login" time="0.000"/>
  <system-out>
    <![CDATA[inconsistent bug]]>
  </system-out>
  <testcase classname="testngpack.Flag3" name="login" time="0.000"/>
  <system-out>
    <![CDATA[inconsistent bug]]>
  </system-out>
  <testcase classname="testngpack.Flag3" name="login" time="0.001"/>
  <system-out>
    <![CDATA[inconsistent bug]]>
  </system-out>
  <testcase classname="testngpack.Flag3" name="login" time="0.000"/>
  <system-out>
    <![CDATA[inconsistent bug]]>
  </system-out>
  <testcase classname="testngpack.Flag3" name="login" time="0.000"/>
  <system-out>
    <![CDATA[inconsistent bug]]>
  </system-out>
  <testcase classname="testngpack.Flag3" name="login" time="0.001"/>
  <system-out>
    <![CDATA[inconsistent bug]]>
  </system-out>
  <testcase classname="testngpack.Flag3" name="login" time="0.000"/>
  <system-out>
    <![CDATA[inconsistent bug]]>
  </system-out>
  <testcase classname="testngpack.Flag3" name="login" time="0.000"/>
  <system-out>
    <![CDATA[inconsistent bug]]>
  </system-out>
  <testcase classname="testngpack.Flag3" name="login" time="0.000"/>
  <system-out>
    <![CDATA[inconsistent bug]]>
  </system-out>
  <testcase classname="testngpack.Flag3" name="login" time="0.000"/>
  <system-out>
    <![CDATA[inconsistent bug]]>
  </system-out>
  <testcase classname="testngpack.Flag3" name="login" time="0.000"/>
  <system-out>
    <![CDATA[inconsistent bug]]>
  </system-out>
  <testcase classname="testngpack.Flag3" name="login" time="0.000"/>
  <system-out>
    <![CDATA[inconsistent bug]]>
  </system-out>
  <testcase classname="testngpack.Flag3" name="login" time="0.000"/>
  <system-out>
    <![CDATA[inconsistent bug]]>
  </system-out>
  <testcase classname="testngpack.Flag3" name="login" time="0.000"/>
  <system-out>
    <![CDATA[inconsistent bug]]>
  </system-out>
  <testcase classname="testngpack.Flag3" name="login" time="0.001"/>
  <system-out>
    <![CDATA[inconsistent bug]]>
  </system-out>
  <testcase classname="testngpack.Flag3" name="login" time="0.001"/>
  <system-out>
    <![CDATA[inconsistent bug]]>
  </system-out>
  <testcase classname="testngpack.Flag3" name="login" time="0.000"/>
  <system-out>
    <![CDATA[inconsistent bug]]>
  </system-out>
  <testcase classname="testngpack.Flag3" name="login" time="0.000"/>
  <system-out>
    <![CDATA[inconsistent bug]]>
  </system-out>
  <testcase classname="testngpack.Flag3" name="login" time="0.001"/>
  <system-out>
    <![CDATA[inconsistent bug]]>
  </system-out>
  <testcase classname="testngpack.Flag3" name="login" time="0.000"/>
  <system-out>
    <![CDATA[inconsistent bug]]>
  </system-out>
  <testcase classname="testngpack.Flag3" name="login" time="0.001"/>
  <system-out>
    <![CDATA[inconsistent bug]]>
  </system-out>
  <testcase classname="testngpack.Flag3" name="login" time="0.001"/>
  <system-out>
    <![CDATA[inconsistent bug]]>
  </system-out>
  <testcase classname="testngpack.Flag3" name="login" time="0.000"/>
  <system-out>
    <![CDATA[inconsistent bug]]>
  </system-out>
  <testcase classname="testngpack.Flag3" name="login" time="0.000"/>
  <system-out>
    <![CDATA[inconsistent bug]]>
  </system-out>
  <testcase classname="testngpack.Flag3" name="login" time="0.000"/>
  <system-out>
    <![CDATA[inconsistent bug]]>
  </system-out>
  <testcase classname="testngpack.Flag3" name="login" time="0.000"/>
  <system-out>
    <![CDATA[inconsistent bug]]>
  </system-out>
  <testcase classname="testngpack.Flag3" name="login" time="0.000"/>
  <system-out>
    <![CDATA[inconsistent bug]]>
  </system-out>
  <testcase classname="testngpack.Flag3" name="login" time="0.000"/>
  <system-out>
    <![CDATA[inconsistent bug]]>
  </system-out>
  <testcase classname="testngpack.Flag3" name="login" time="0.000"/>
  <system-out>
    <![CDATA[inconsistent bug]]>
  </system-out>
  <testcase classname="testngpack.Flag3" name="login" time="0.000"/>
  <system-out>
    <![CDATA[inconsistent bug]]>
  </system-out>
  <testcase classname="testngpack.Flag3" name="login" time="0.001"/>
  <system-out>
    <![CDATA[inconsistent bug]]>
  </system-out>
  <testcase classname="testngpack.Flag3" name="login" time="0.000"/>
  <system-out>
    <![CDATA[inconsistent bug]]>
  </system-out>
  <testcase classname="testngpack.Flag3" name="login" time="0.001"/>
  <system-out>
    <![CDATA[inconsistent bug]]>
  </system-out>
  <testcase classname="testngpack.Flag3" name="login" time="0.001"/>
  <system-out>
    <![CDATA[inconsistent bug]]>
  </system-out>
  <testcase classname="testngpack.Flag3" name="login" time="0.000"/>
  <system-out>
    <![CDATA[inconsistent bug]]>
  </system-out>
  <testcase classname="testngpack.Flag3" name="login" time="0.000"/>
  <system-out>
    <![CDATA[inconsistent bug]]>
  </system-out>
  <testcase classname="testngpack.Flag3" name="login" time="0.001"/>
  <system-out>
    <![CDATA[inconsistent bug]]>
  </system-out>
  <testcase classname="testngpack.Flag3" name="login" time="0.000"/>
  <system-out>
    <![CDATA[inconsistent bug]]>
  </system-out>
  <testcase classname="testngpack.Flag3" name="login" time="0.001"/>
  <system-out>
    <![CDATA[inconsistent bug]]>
  </system-out>
  <testcase classname="testngpack.Flag3" name="login" time="0.000"/>
  <system-out>
    <![CDATA[inconsistent bug]]>
  </system-out>
  <testcase classname="testngpack.Flag3" name="login" time="0.000"/>
  <system-out>
    <![CDATA[inconsistent bug]]>
  </system-out>
  <testcase classname="testngpack.Flag3" name="login" time="0.000"/>
  <system-out>
    <![CDATA[inconsistent bug]]>
  </system-out>
  <testcase classname="testngpack.Flag3" name="login" time="0.000"/>
  <system-out>
    <![CDATA[inconsistent bug]]>
  </system-out>
  <testcase classname="testngpack.Flag3" name="login" time="0.000"/>
  <system-out>
    <![CDATA[inconsistent bug]]>
  </system-out>
  <testcase classname="testngpack.Flag3" name="login" time="0.000"/>
  <system-out>
    <![CDATA[inconsistent bug]]>
  </system-out>
  <testcase classname="testngpack.Flag3" name="login" time="0.000"/>
  <system-out>
    <![CDATA[inconsistent bug]]>
  </system-out>
  <testcase classname="testngpack.Flag3" name="login" time="0.000"/>
  <system-out>
    <![CDATA[inconsistent bug]]>
  </system-out>
  <testcase classname="testngpack.Flag3" name="login" time="0.001"/>
  <system-out>
    <![CDATA[inconsistent bug]]>
  </system-out>
  <testcase classname="testngpack.Flag3" name="login" time="0.000"/>
  <system-out>
    <![CDATA[inconsistent bug]]>
  </system-out>
  <testcase classname="testngpack.Flag3" name="login" time="0.000"/>
  <system-out>
    <![CDATA[inconsistent bug]]>
  </system-out>
  <testcase classname="testngpack.Flag3" name="login" time="0.000"/>
  <system-out>
    <![CDATA[inconsistent bug]]>
  </system-out>
  <testcase classname="testngpack.Flag3" name="login" time="0.001"/>
  <system-out>
    <![CDATA[inconsistent bug]]>
  </system-out>
  <testcase classname="testngpack.Flag3" name="login" time="0.000"/>
  <system-out>
    <![CDATA[inconsistent bug]]>
  </system-out>
  <testcase classname="testngpack.Flag3" name="login" time="0.001"/>
  <system-out>
    <![CDATA[inconsistent bug]]>
  </system-out>
  <testcase classname="testngpack.Flag3" name="login" time="0.000"/>
  <system-out>
    <![CDATA[inconsistent bug]]>
  </system-out>
  <testcase classname="testngpack.Flag3" name="login" time="0.000"/>
  <system-out>
    <![CDATA[inconsistent bug]]>
  </system-out>
  <testcase classname="testngpack.Flag3" name="login" time="0.000"/>
  <system-out>
    <![CDATA[inconsistent bug]]>
  </system-out>
  <testcase classname="testngpack.Flag3" name="login" time="0.000"/>
  <system-out>
    <![CDATA[inconsistent bug]]>
  </system-out>
  <testcase classname="testngpack.Flag3" name="login" time="0.000"/>
  <system-out>
    <![CDATA[inconsistent bug]]>
  </system-out>
  <testcase classname="testngpack.Flag3" name="login" time="0.001"/>
  <system-out>
    <![CDATA[inconsistent bug]]>
  </system-out>
  <testcase classname="testngpack.Flag3" name="login" time="0.000"/>
  <system-out>
    <![CDATA[inconsistent bug]]>
  </system-out>
  <testcase classname="testngpack.Flag3" name="login" time="0.001"/>
  <system-out>
    <![CDATA[inconsistent bug]]>
  </system-out>
  <testcase classname="testngpack.Flag3" name="login" time="0.001"/>
  <system-out>
    <![CDATA[inconsistent bug]]>
  </system-out>
  <testcase classname="testngpack.Flag3" name="login" time="0.001"/>
  <system-out>
    <![CDATA[inconsistent bug]]>
  </system-out>
  <testcase classname="testngpack.Flag3" name="login" time="0.000"/>
  <system-out>
    <![CDATA[inconsistent bug]]>
  </system-out>
  <testcase classname="testngpack.Flag3" name="login" time="0.000"/>
  <system-out>
    <![CDATA[inconsistent bug]]>
  </system-out>
  <testcase classname="testngpack.Flag3" name="login" time="0.000"/>
  <system-out>
    <![CDATA[inconsistent bug]]>
  </system-out>
  <testcase classname="testngpack.Flag3" name="login" time="0.000"/>
  <system-out>
    <![CDATA[inconsistent bug]]>
  </system-out>
  <testcase classname="testngpack.Flag3" name="login" time="0.001"/>
  <system-out>
    <![CDATA[inconsistent bug]]>
  </system-out>
  <testcase classname="testngpack.Flag3" name="login" time="0.001"/>
  <system-out>
    <![CDATA[inconsistent bug]]>
  </system-out>
  <testcase classname="testngpack.Flag3" name="login" time="0.000"/>
  <system-out>
    <![CDATA[inconsistent bug]]>
  </system-out>
  <testcase classname="testngpack.Flag3" name="login" time="0.000"/>
  <system-out>
    <![CDATA[inconsistent bug]]>
  </system-out>
  <testcase classname="testngpack.Flag3" name="login" time="0.000"/>
  <system-out>
    <![CDATA[inconsistent bug]]>
  </system-out>
  <testcase classname="testngpack.Flag3" name="login" time="0.001"/>
  <system-out>
    <![CDATA[inconsistent bug]]>
  </system-out>
  <testcase classname="testngpack.Flag3" name="login" time="0.000"/>
  <system-out>
    <![CDATA[inconsistent bug]]>
  </system-out>
  <testcase classname="testngpack.Flag3" name="login" time="0.001"/>
  <system-out>
    <![CDATA[inconsistent bug]]>
  </system-out>
  <testcase classname="testngpack.Flag3" name="login" time="0.000"/>
  <system-out>
    <![CDATA[inconsistent bug]]>
  </system-out>
  <testcase classname="testngpack.Flag3" name="login" time="0.000"/>
  <system-out>
    <![CDATA[inconsistent bug]]>
  </system-out>
  <testcase classname="testngpack.Flag3" name="login" time="0.001"/>
  <system-out>
    <![CDATA[inconsistent bug]]>
  </system-out>
  <testcase classname="testngpack.Flag3" name="login" time="0.000"/>
  <system-out>
    <![CDATA[inconsistent bug]]>
  </system-out>
  <testcase classname="testngpack.Flag3" name="login" time="0.000"/>
  <system-out>
    <![CDATA[inconsistent bug]]>
  </system-out>
  <testcase classname="testngpack.Flag3" name="login" time="0.001"/>
  <system-out>
    <![CDATA[inconsistent bug]]>
  </system-out>
  <testcase classname="testngpack.Flag3" name="login" time="0.000"/>
  <system-out>
    <![CDATA[inconsistent bug]]>
  </system-out>
  <testcase classname="testngpack.Flag3" name="login" time="0.000"/>
  <system-out>
    <![CDATA[inconsistent bug]]>
  </system-out>
  <testcase classname="testngpack.Flag3" name="login" time="0.000"/>
  <system-out>
    <![CDATA[inconsistent bug]]>
  </system-out>
  <testcase classname="testngpack.Flag3" name="login" time="0.000"/>
  <system-out>
    <![CDATA[inconsistent bug]]>
  </system-out>
  <testcase classname="testngpack.Flag3" name="login" time="0.000"/>
  <system-out>
    <![CDATA[inconsistent bug]]>
  </system-out>
  <testcase classname="testngpack.Flag3" name="login" time="0.000"/>
  <system-out>
    <![CDATA[inconsistent bug]]>
  </system-out>
  <testcase classname="testngpack.Flag3" name="login" time="0.000"/>
  <system-out>
    <![CDATA[inconsistent bug]]>
  </system-out>
  <testcase classname="testngpack.Flag3" name="login" time="0.000"/>
  <system-out>
    <![CDATA[inconsistent bug]]>
  </system-out>
  <testcase classname="testngpack.Flag3" name="login" time="0.000"/>
  <system-out>
    <![CDATA[inconsistent bug]]>
  </system-out>
  <testcase classname="testngpack.Flag3" name="login" time="0.000"/>
  <system-out>
    <![CDATA[inconsistent bug]]>
  </system-out>
  <testcase classname="testngpack.Flag3" name="login" time="0.000"/>
  <system-out>
    <![CDATA[inconsistent bug]]>
  </system-out>
  <testcase classname="testngpack.Flag3" name="login" time="0.000"/>
  <system-out>
    <![CDATA[inconsistent bug]]>
  </system-out>
  <testcase classname="testngpack.Flag3" name="login" time="0.000"/>
  <system-out>
    <![CDATA[inconsistent bug]]>
  </system-out>
  <testcase classname="testngpack.Flag3" name="login" time="0.000"/>
  <system-out>
    <![CDATA[inconsistent bug]]>
  </system-out>
  <testcase classname="testngpack.Flag3" name="login" time="0.000"/>
  <system-out>
    <![CDATA[inconsistent bug]]>
  </system-out>
  <testcase classname="testngpack.Flag3" name="login" time="0.001"/>
  <system-out>
    <![CDATA[inconsistent bug]]>
  </system-out>
  <testcase classname="testngpack.Flag3" name="login" time="0.000"/>
  <system-out>
    <![CDATA[inconsistent bug]]>
  </system-out>
  <testcase classname="testngpack.Flag3" name="login" time="0.000"/>
  <system-out>
    <![CDATA[inconsistent bug]]>
  </system-out>
  <testcase classname="testngpack.Flag3" name="login" time="0.002"/>
  <system-out>
    <![CDATA[inconsistent bug]]>
  </system-out>
  <testcase classname="testngpack.Flag3" name="login" time="0.001"/>
  <system-out>
    <![CDATA[inconsistent bug]]>
  </system-out>
  <testcase classname="testngpack.Flag3" name="login" time="0.000"/>
  <system-out>
    <![CDATA[inconsistent bug]]>
  </system-out>
  <testcase classname="testngpack.Flag3" name="login" time="0.000"/>
  <system-out>
    <![CDATA[inconsistent bug]]>
  </system-out>
  <testcase classname="testngpack.Flag3" name="login" time="0.001"/>
  <system-out>
    <![CDATA[inconsistent bug]]>
  </system-out>
  <testcase classname="testngpack.Flag3" name="login" time="0.000"/>
  <system-out>
    <![CDATA[inconsistent bug]]>
  </system-out>
  <testcase classname="testngpack.Flag3" name="login" time="0.000"/>
  <system-out>
    <![CDATA[inconsistent bug]]>
  </system-out>
  <testcase classname="testngpack.Flag3" name="login" time="0.001"/>
  <system-out>
    <![CDATA[inconsistent bug]]>
  </system-out>
  <testcase classname="testngpack.Flag3" name="login" time="0.001"/>
  <system-out>
    <![CDATA[inconsistent bug]]>
  </system-out>
  <testcase classname="testngpack.Flag3" name="login" time="0.001"/>
  <system-out>
    <![CDATA[inconsistent bug]]>
  </system-out>
  <testcase classname="testngpack.Flag3" name="login" time="0.001"/>
  <system-out>
    <![CDATA[inconsistent bug]]>
  </system-out>
  <testcase classname="testngpack.Flag3" name="login" time="0.001"/>
  <system-out>
    <![CDATA[inconsistent bug]]>
  </system-out>
  <testcase classname="testngpack.Flag3" name="login" time="0.000"/>
  <system-out>
    <![CDATA[inconsistent bug]]>
  </system-out>
  <testcase classname="testngpack.Flag3" name="login" time="0.000"/>
  <system-out>
    <![CDATA[inconsistent bug]]>
  </system-out>
  <testcase classname="testngpack.Flag3" name="login" time="0.000"/>
  <system-out>
    <![CDATA[inconsistent bug]]>
  </system-out>
  <testcase classname="testngpack.Flag3" name="login" time="0.000"/>
  <system-out>
    <![CDATA[inconsistent bug]]>
  </system-out>
  <testcase classname="testngpack.Flag3" name="login" time="0.001"/>
  <system-out>
    <![CDATA[inconsistent bug]]>
  </system-out>
  <testcase classname="testngpack.Flag3" name="login" time="0.000"/>
  <system-out>
    <![CDATA[inconsistent bug]]>
  </system-out>
  <testcase classname="testngpack.Flag3" name="login" time="0.000"/>
  <system-out>
    <![CDATA[inconsistent bug]]>
  </system-out>
  <testcase classname="testngpack.Flag3" name="login" time="0.002"/>
  <system-out>
    <![CDATA[inconsistent bug]]>
  </system-out>
  <testcase classname="testngpack.Flag3" name="login" time="0.000"/>
  <system-out>
    <![CDATA[inconsistent bug]]>
  </system-out>
  <testcase classname="testngpack.Flag3" name="login" time="0.001"/>
  <system-out>
    <![CDATA[inconsistent bug]]>
  </system-out>
  <testcase classname="testngpack.Flag3" name="login" time="0.001"/>
  <system-out>
    <![CDATA[inconsistent bug]]>
  </system-out>
  <testcase classname="testngpack.Flag3" name="login" time="0.001"/>
  <system-out>
    <![CDATA[inconsistent bug]]>
  </system-out>
  <testcase classname="testngpack.Flag3" name="login" time="0.000"/>
  <system-out>
    <![CDATA[inconsistent bug]]>
  </system-out>
  <testcase classname="testngpack.Flag3" name="login" time="0.001"/>
  <system-out>
    <![CDATA[inconsistent bug]]>
  </system-out>
  <testcase classname="testngpack.Flag3" name="login" time="0.000"/>
  <system-out>
    <![CDATA[inconsistent bug]]>
  </system-out>
  <testcase classname="testngpack.Flag3" name="login" time="0.001"/>
  <system-out>
    <![CDATA[inconsistent bug]]>
  </system-out>
  <testcase classname="testngpack.Flag3" name="login" time="0.001"/>
  <system-out>
    <![CDATA[inconsistent bug]]>
  </system-out>
  <testcase classname="testngpack.Flag3" name="login" time="0.000"/>
  <system-out>
    <![CDATA[inconsistent bug]]>
  </system-out>
  <testcase classname="testngpack.Flag3" name="login" time="0.001"/>
  <system-out>
    <![CDATA[inconsistent bug]]>
  </system-out>
  <testcase classname="testngpack.Flag3" name="login" time="0.001"/>
  <system-out>
    <![CDATA[inconsistent bug]]>
  </system-out>
  <testcase classname="testngpack.Flag3" name="login" time="0.001"/>
  <system-out>
    <![CDATA[inconsistent bug]]>
  </system-out>
  <testcase classname="testngpack.Flag3" name="login" time="0.000"/>
  <system-out>
    <![CDATA[inconsistent bug]]>
  </system-out>
  <testcase classname="testngpack.Flag3" name="login" time="0.000"/>
  <system-out>
    <![CDATA[inconsistent bug]]>
  </system-out>
  <testcase classname="testngpack.Flag3" name="login" time="0.000"/>
  <system-out>
    <![CDATA[inconsistent bug]]>
  </system-out>
  <testcase classname="testngpack.Flag3" name="login" time="0.000"/>
  <system-out>
    <![CDATA[inconsistent bug]]>
  </system-out>
  <testcase classname="testngpack.Flag3" name="login" time="0.000"/>
  <system-out>
    <![CDATA[inconsistent bug]]>
  </system-out>
  <testcase classname="testngpack.Flag3" name="login" time="0.001"/>
  <system-out>
    <![CDATA[inconsistent bug]]>
  </system-out>
  <testcase classname="testngpack.Flag3" name="login" time="0.001"/>
  <system-out>
    <![CDATA[inconsistent bug]]>
  </system-out>
  <testcase classname="testngpack.Flag3" name="login" time="0.001"/>
  <system-out>
    <![CDATA[inconsistent bug]]>
  </system-out>
  <testcase classname="testngpack.Flag3" name="login" time="0.000"/>
  <system-out>
    <![CDATA[inconsistent bug]]>
  </system-out>
  <testcase classname="testngpack.Flag3" name="login" time="0.000"/>
  <system-out>
    <![CDATA[inconsistent bug]]>
  </system-out>
  <testcase classname="testngpack.Flag3" name="login" time="0.000"/>
  <system-out>
    <![CDATA[inconsistent bug]]>
  </system-out>
  <testcase classname="testngpack.Flag3" name="login" time="0.000"/>
  <system-out>
    <![CDATA[inconsistent bug]]>
  </system-out>
  <testcase classname="testngpack.Flag3" name="login" time="0.000"/>
  <system-out>
    <![CDATA[inconsistent bug]]>
  </system-out>
  <testcase classname="testngpack.Flag3" name="login" time="0.000"/>
  <system-out>
    <![CDATA[inconsistent bug]]>
  </system-out>
  <testcase classname="testngpack.Flag3" name="login" time="0.000"/>
  <system-out>
    <![CDATA[inconsistent bug]]>
  </system-out>
  <testcase classname="testngpack.Flag3" name="login" time="0.000"/>
  <system-out>
    <![CDATA[inconsistent bug]]>
  </system-out>
  <testcase classname="testngpack.Flag3" name="login" time="0.000"/>
  <system-out>
    <![CDATA[inconsistent bug]]>
  </system-out>
  <testcase classname="testngpack.Flag3" name="login" time="0.000"/>
  <system-out>
    <![CDATA[inconsistent bug]]>
  </system-out>
  <testcase classname="testngpack.Flag3" name="login" time="0.000"/>
  <system-out>
    <![CDATA[inconsistent bug]]>
  </system-out>
  <testcase classname="testngpack.Flag3" name="login" time="0.000"/>
  <system-out>
    <![CDATA[inconsistent bug]]>
  </system-out>
  <testcase classname="testngpack.Flag3" name="login" time="0.000"/>
  <system-out>
    <![CDATA[inconsistent bug]]>
  </system-out>
  <testcase classname="testngpack.Flag3" name="login" time="0.000"/>
  <system-out>
    <![CDATA[inconsistent bug]]>
  </system-out>
  <testcase classname="testngpack.Flag3" name="login" time="0.001"/>
  <system-out>
    <![CDATA[inconsistent bug]]>
  </system-out>
  <testcase classname="testngpack.Flag3" name="login" time="0.000"/>
  <system-out>
    <![CDATA[inconsistent bug]]>
  </system-out>
  <testcase classname="testngpack.Flag3" name="login" time="0.001"/>
  <system-out>
    <![CDATA[inconsistent bug]]>
  </system-out>
  <testcase classname="testngpack.Flag3" name="login" time="0.000"/>
  <system-out>
    <![CDATA[inconsistent bug]]>
  </system-out>
  <testcase classname="testngpack.Flag3" name="login" time="0.001"/>
  <system-out>
    <![CDATA[inconsistent bug]]>
  </system-out>
  <testcase classname="testngpack.Flag3" name="login" time="0.000"/>
  <system-out>
    <![CDATA[inconsistent bug]]>
  </system-out>
  <testcase classname="testngpack.Flag3" name="login" time="0.000"/>
  <system-out>
    <![CDATA[inconsistent bug]]>
  </system-out>
  <testcase classname="testngpack.Flag3" name="login" time="0.000"/>
  <system-out>
    <![CDATA[inconsistent bug]]>
  </system-out>
  <testcase classname="testngpack.Flag3" name="login" time="0.001"/>
  <system-out>
    <![CDATA[inconsistent bug]]>
  </system-out>
  <testcase classname="testngpack.Flag3" name="login" time="0.000"/>
  <system-out>
    <![CDATA[inconsistent bug]]>
  </system-out>
  <testcase classname="testngpack.Flag3" name="login" time="0.001"/>
  <system-out>
    <![CDATA[inconsistent bug]]>
  </system-out>
  <testcase classname="testngpack.Flag3" name="login" time="0.000"/>
  <system-out>
    <![CDATA[inconsistent bug]]>
  </system-out>
  <testcase classname="testngpack.Flag3" name="login" time="0.001"/>
  <system-out>
    <![CDATA[inconsistent bug]]>
  </system-out>
  <testcase classname="testngpack.Flag3" name="login" time="0.000"/>
  <system-out>
    <![CDATA[inconsistent bug]]>
  </system-out>
  <testcase classname="testngpack.Flag3" name="login" time="0.001"/>
  <system-out>
    <![CDATA[inconsistent bug]]>
  </system-out>
  <testcase classname="testngpack.Flag3" name="login" time="0.001"/>
  <system-out>
    <![CDATA[inconsistent bug]]>
  </system-out>
  <testcase classname="testngpack.Flag3" name="login" time="0.000"/>
  <system-out>
    <![CDATA[inconsistent bug]]>
  </system-out>
  <testcase classname="testngpack.Flag3" name="login" time="0.000"/>
  <system-out>
    <![CDATA[inconsistent bug]]>
  </system-out>
  <testcase classname="testngpack.Flag3" name="login" time="0.001"/>
  <system-out>
    <![CDATA[inconsistent bug]]>
  </system-out>
  <testcase classname="testngpack.Flag3" name="login" time="0.000"/>
  <system-out>
    <![CDATA[inconsistent bug]]>
  </system-out>
  <testcase classname="testngpack.Flag3" name="login" time="0.000"/>
  <system-out>
    <![CDATA[inconsistent bug]]>
  </system-out>
  <testcase classname="testngpack.Flag3" name="login" time="0.000"/>
  <system-out>
    <![CDATA[inconsistent bug]]>
  </system-out>
  <testcase classname="testngpack.Flag3" name="login" time="0.000"/>
  <system-out>
    <![CDATA[inconsistent bug]]>
  </system-out>
  <testcase classname="testngpack.Flag3" name="login" time="0.000"/>
  <system-out>
    <![CDATA[inconsistent bug]]>
  </system-out>
  <testcase classname="testngpack.Flag3" name="login" time="0.001"/>
  <system-out>
    <![CDATA[inconsistent bug]]>
  </system-out>
  <testcase classname="testngpack.Flag3" name="login" time="0.001"/>
  <system-out>
    <![CDATA[inconsistent bug]]>
  </system-out>
  <testcase classname="testngpack.Flag3" name="login" time="0.001"/>
[...]
  <testcase classname="testngpack.Flag3" name="login" time="0.000"/>
  <system-out>
    <![CDATA[inconsistent bug]]>
  </system-out>
  <testcase classname="testngpack.Flag3" name="login" time="0.000"/>
  <system-out>
    <![CDATA[inconsistent bug]]>
  </system-out>
  <testcase classname="testngpack.Flag3" name="login" time="0.001"/>
  <system-out>
    <![CDATA[inconsistent bug]]>
  </system-out>
  <testcase classname="testngpack.Flag3" name="login" time="0.001"/>
  <system-out>
    <![CDATA[inconsistent bug]]>
  </system-out>
  <testcase classname="testngpack.Flag3" name="login" time="0.001"/>
  <system-out>
    <![CDATA[inconsistent bug]]>
  </system-out>
  <testcase classname="testngpack.Flag3" name="login" time="0.000"/>
  <system-out>
    <![CDATA[inconsistent bug]]>
  </system-out>
  <testcase classname="testngpack.Flag3" name="login" time="0.001"/>
  <system-out>
    <![CDATA[inconsistent bug]]>
  </system-out>
  <testcase classname="testngpack.Flag3" name="login" time="0.001"/>
  <system-out>
    <![CDATA[inconsistent bug]]>
  </system-out>
  <testcase classname="testngpack.Flag3" name="login" time="0.001"/>
  <system-out>
    <![CDATA[inconsistent bug]]>
  </system-out>
  <testcase classname="testngpack.Flag3" name="login" time="0.001"/>
  <system-out>
    <![CDATA[inconsistent bug]]>
  </system-out>
  <testcase classname="testngpack.Flag3" name="login" time="0.001"/>
  <system-out>
    <![CDATA[inconsistent bug]]>
  </system-out>
  <testcase classname="testngpack.Flag3" name="login" time="0.001"/>
  <system-out>
    <![CDATA[inconsistent bug]]>
  </system-out>
  <testcase classname="testngpack.Flag3" name="login" time="0.000"/>
  <system-out>
    <![CDATA[inconsistent bug]]>
  </system-out>
  <testcase classname="testngpack.Flag3" name="login" time="0.001"/>
  <system-out>
    <![CDATA[inconsistent bug]]>
  </system-out>
  <testcase classname="testngpack.Flag3" name="login" time="0.000"/>
  <system-out>
    <![CDATA[inconsistent bug]]>
  </system-out>
  <testcase classname="testngpack.Flag3" name="login" time="0.001"/>
  <system-out>
    <![CDATA[inconsistent bug]]>
  </system-out>
  <testcase classname="testngpack.Flag3" name="login" time="0.001"/>
  <system-out>
    <![CDATA[inconsistent bug]]>
  </system-out>
  <testcase classname="testngpack.Flag3" name="login" time="0.000"/>
  <system-out>
    <![CDATA[inconsistent bug]]>
  </system-out>
  <testcase classname="testngpack.Flag3" name="login" time="0.001"/>
  <system-out>
    <![CDATA[inconsistent bug]]>
  </system-out>
  <testcase classname="testngpack.Flag3" name="login" time="0.000"/>
  <system-out>
    <![CDATA[inconsistent bug]]>
  </system-out>
  <testcase classname="testngpack.Flag3" name="login" time="0.001"/>
  <system-out>
    <![CDATA[inconsistent bug]]>
  </system-out>
  <testcase classname="testngpack.Flag3" name="login" time="0.000"/>
  <system-out>
    <![CDATA[inconsistent bug]]>
  </system-out>
  <testcase classname="testngpack.Flag3" name="login" time="0.000"/>
  <system-out>
    <![CDATA[inconsistent bug]]>
  </system-out>
  <testcase classname="testngpack.Flag3" name="login" time="0.000"/>
  <system-out>
    <![CDATA[inconsistent bug]]>
  </system-out>
  <testcase classname="testngpack.Flag3" name="login" time="0.000"/>
  <system-out>
    <![CDATA[inconsistent bug]]>
  </system-out>
  <testcase classname="testngpack.Flag3" name="login" time="0.000"/>
  <system-out>
    <![CDATA[inconsistent bug]]>
  </system-out>
  <testcase classname="testngpack.Flag3" name="login" time="0.001"/>
  <system-out>
    <![CDATA[inconsistent bug]]>
  </system-out>
  <testcase classname="testngpack.Flag3" name="login" time="0.000"/>
  <system-out>
    <![CDATA[inconsistent bug]]>
  </system-out>
  <testcase classname="testngpack.Flag3" name="login" time="0.000"/>
  <system-out>
    <![CDATA[inconsistent bug]]>
  </system-out>
  <testcase classname="testngpack.Flag3" name="login" time="0.000"/>
  <system-out>
    <![CDATA[inconsistent bug]]>
  </system-out>
  <testcase classname="testngpack.Flag3" name="login" time="0.000"/>
  <system-out>
    <![CDATA[inconsistent bug]]>
  </system-out>
  <testcase classname="testngpack.Flag3" name="login" time="0.000"/>
  <system-out>
    <![CDATA[inconsistent bug]]>
  </system-out>
  <testcase classname="testngpack.Flag3" name="login" time="0.001"/>
  <system-out>
    <![CDATA[inconsistent bug]]>
  </system-out>
  <testcase classname="testngpack.Flag3" name="login" time="0.001"/>
  <system-out>
    <![CDATA[inconsistent bug]]>
  </system-out>
  <testcase classname="testngpack.Flag3" name="login" time="0.001"/>
  <system-out>
    <![CDATA[inconsistent bug]]>
  </system-out>
  <testcase classname="testngpack.Flag3" name="login" time="0.001"/>
  <system-out>
    <![CDATA[inconsistent bug]]>
  </system-out>
  <testcase classname="testngpack.Flag3" name="login" time="0.001"/>
  <system-out>
    <![CDATA[inconsistent bug]]>
  </system-out>
  <testcase classname="testngpack.Flag3" name="login" time="0.000"/>
  <system-out>
    <![CDATA[inconsistent bug]]>
  </system-out>
  <testcase classname="testngpack.Flag3" name="login" time="0.001"/>
  <system-out>
    <![CDATA[inconsistent bug]]>
  </system-out>
  <testcase classname="testngpack.Flag3" name="login" time="0.001"/>
  <system-out>
    <![CDATA[inconsistent bug]]>
  </system-out>
  <testcase classname="testngpack.Flag3" name="login" time="0.001"/>
  <system-out>
    <![CDATA[inconsistent bug]]>
  </system-out>
  <testcase classname="testngpack.Flag3" name="login" time="0.001"/>
  <system-out>
    <![CDATA[inconsistent bug]]>
  </system-out>
  <testcase classname="testngpack.Flag3" name="login" time="0.000"/>
  <system-out>
    <![CDATA[inconsistent bug]]>
  </system-out>
  <testcase classname="testngpack.Flag3" name="login" time="0.000"/>
  <system-out>
    <![CDATA[inconsistent bug]]>
  </system-out>
  <testcase classname="testngpack.Flag3" name="login" time="0.001"/>
  <system-out>
    <![CDATA[inconsistent bug]]>
  </system-out>
  <testcase classname="testngpack.Flag3" name="login" time="0.000"/>
  <system-out>
    <![CDATA[inconsistent bug]]>
  </system-out>
  <testcase classname="testngpack.Flag3" name="login" time="0.000"/>
  <system-out>
    <![CDATA[inconsistent bug]]>
  </system-out>
  <testcase classname="testngpack.Flag3" name="login" time="0.001"/>
  <system-out>
    <![CDATA[inconsistent bug]]>
  </system-out>
  <testcase classname="testngpack.Flag3" name="login" time="0.001"/>
  <system-out>
    <![CDATA[inconsistent bug]]>
  </system-out>
  <testcase classname="testngpack.Flag3" name="login" time="0.000"/>
  <system-out>
    <![CDATA[inconsistent bug]]>
  </system-out>
  <testcase classname="testngpack.Flag3" name="login" time="0.000"/>
  <system-out>
    <![CDATA[inconsistent bug]]>
  </system-out>
  <testcase classname="testngpack.Flag3" name="login" time="0.000"/>
  <system-out>
    <![CDATA[inconsistent bug]]>
  </system-out>
  <testcase classname="testngpack.Flag3" name="login" time="0.000"/>
  <system-out>
    <![CDATA[inconsistent bug]]>
  </system-out>
  <testcase classname="testngpack.Flag3" name="login" time="0.000"/>
  <system-out>
    <![CDATA[inconsistent bug]]>
  </system-out>
  <testcase classname="testngpack.Flag3" name="login" time="0.001"/>
  <system-out>
    <![CDATA[inconsistent bug]]>
  </system-out>
  <testcase classname="testngpack.Flag3" name="login" time="0.000"/>
  <system-out>
    <![CDATA[inconsistent bug]]>
  </system-out>
  <testcase classname="testngpack.Flag3" name="login" time="0.000"/>
  <system-out>
    <![CDATA[inconsistent bug]]>
  </system-out>
  <testcase classname="testngpack.Flag3" name="login" time="0.001"/>
  <system-out>
    <![CDATA[inconsistent bug]]>
  </system-out>
  <testcase classname="testngpack.Flag3" name="login" time="0.001"/>
  <system-out>
    <![CDATA[inconsistent bug]]>
  </system-out>
  <testcase classname="testngpack.Flag3" name="login" time="0.000"/>
  <system-out>
    <![CDATA[inconsistent bug]]>
  </system-out>
  <testcase classname="testngpack.Flag3" name="login" time="0.001"/>
  <system-out>
    <![CDATA[inconsistent bug]]>
  </system-out>
  <testcase classname="testngpack.Flag3" name="login" time="0.000"/>
  <system-out>
    <![CDATA[inconsistent bug]]>
  </system-out>
  <testcase classname="testngpack.Flag3" name="login" time="0.001"/>
  <system-out>
    <![CDATA[inconsistent bug]]>
  </system-out>
  <testcase classname="testngpack.Flag3" name="login" time="0.000"/>
  <system-out>
    <![CDATA[inconsistent bug]]>
  </system-out>
  <testcase classname="testngpack.Flag3" name="login" time="0.001"/>
  <system-out>
    <![CDATA[inconsistent bug]]>
  </system-out>
  <testcase classname="testngpack.Flag3" name="login" time="0.000"/>
  <system-out>
    <![CDATA[inconsistent bug]]>
  </system-out>
  <testcase classname="testngpack.Flag3" name="login" time="0.000"/>
  <system-out>
    <![CDATA[inconsistent bug]]>
  </system-out>
  <testcase classname="testngpack.Flag3" name="login" time="0.000"/>
  <system-out>
    <![CDATA[inconsistent bug]]>
  </system-out>
  <testcase classname="testngpack.Flag3" name="login" time="0.001"/>
  <system-out>
    <![CDATA[inconsistent bug]]>
  </system-out>
  <testcase classname="testngpack.Flag3" name="login" time="0.001"/>
  <system-out>
    <![CDATA[inconsistent bug]]>
  </system-out>
  <testcase classname="testngpack.Flag3" name="login" time="0.000"/>
  <system-out>
    <![CDATA[inconsistent bug]]>
  </system-out>
  <testcase classname="testngpack.Flag3" name="login" time="0.000"/>
  <system-out>
    <![CDATA[inconsistent bug]]>
  </system-out>
  <testcase classname="testngpack.Flag3" name="login" time="0.000"/>
  <system-out>
    <![CDATA[inconsistent bug]]>
  </system-out>
  <testcase classname="testngpack.Flag3" name="login" time="0.000"/>
  <system-out>
    <![CDATA[inconsistent bug]]>
  </system-out>
  <testcase classname="testngpack.Flag3" name="login" time="0.000"/>
  <system-out>
    <![CDATA[inconsistent bug]]>
  </system-out>
  <testcase classname="testngpack.Flag3" name="login" time="0.000"/>
  <system-out>
    <![CDATA[inconsistent bug]]>
  </system-out>
  <testcase classname="testngpack.Flag3" name="login" time="0.000"/>
  <system-out>
    <![CDATA[inconsistent bug]]>
  </system-out>
  <testcase classname="testngpack.Flag3" name="login" time="0.000"/>
  <system-out>
    <![CDATA[inconsistent bug]]>
  </system-out>
  <testcase classname="testngpack.Flag3" name="login" time="0.000"/>
  <system-out>
    <![CDATA[inconsistent bug]]>
  </system-out>
  <testcase classname="testngpack.Flag3" name="login" time="0.000"/>
  <system-out>
    <![CDATA[inconsistent bug]]>
  </system-out>
  <testcase classname="testngpack.Flag3" name="login" time="0.001"/>
  <system-out>
    <![CDATA[inconsistent bug]]>
  </system-out>
  <testcase classname="testngpack.Flag3" name="login" time="0.000"/>
  <system-out>
    <![CDATA[inconsistent bug]]>
  </system-out>
  <testcase classname="testngpack.Flag3" name="login" time="0.000"/>
  <system-out>
    <![CDATA[inconsistent bug]]>
  </system-out>
  <testcase classname="testngpack.Flag3" name="login" time="0.000"/>
  <system-out>
    <![CDATA[inconsistent bug]]>
  </system-out>
  <testcase classname="testngpack.Flag3" name="login" time="0.000"/>
  <system-out>
    <![CDATA[inconsistent bug]]>
  </system-out>
  <testcase classname="testngpack.Flag3" name="login" time="0.000"/>
  <system-out>
    <![CDATA[inconsistent bug]]>
  </system-out>
  <testcase classname="testngpack.Flag3" name="login" time="0.001"/>
  <system-out>
    <![CDATA[inconsistent bug]]>
  </system-out>
  <testcase classname="testngpack.Flag3" name="login" time="0.001"/>
  <system-out>
    <![CDATA[inconsistent bug]]>
  </system-out>
  <testcase classname="testngpack.Flag3" name="login" time="0.001"/>
  <system-out>
    <![CDATA[inconsistent bug]]>
  </system-out>
  <testcase classname="testngpack.Flag3" name="login" time="0.000"/>
  <system-out>
    <![CDATA[inconsistent bug]]>
  </system-out>
  <testcase classname="testngpack.Flag3" name="login" time="0.000"/>
  <system-out>
    <![CDATA[inconsistent bug]]>
  </system-out>
  <testcase classname="testngpack.Flag3" name="login" time="0.001"/>
  <system-out>
    <![CDATA[inconsistent bug]]>
  </system-out>
  <testcase classname="testngpack.Flag3" name="login" time="0.001"/>
  <system-out>
    <![CDATA[inconsistent bug]]>
  </system-out>
  <testcase classname="testngpack.Flag3" name="login" time="0.000"/>
  <system-out>
    <![CDATA[inconsistent bug]]>
  </system-out>
  <testcase classname="testngpack.Flag3" name="login" time="0.000"/>
  <system-out>
    <![CDATA[inconsistent bug]]>
  </system-out>
  <testcase classname="testngpack.Flag3" name="login" time="0.000"/>
  <system-out>
    <![CDATA[inconsistent bug]]>
  </system-out>
  <testcase classname="testngpack.Flag3" name="login" time="0.000"/>
  <system-out>
    <![CDATA[inconsistent bug]]>
  </system-out>
  <testcase classname="testngpack.Flag3" name="login" time="0.001"/>
  <system-out>
    <![CDATA[inconsistent bug]]>
  </system-out>
  <testcase classname="testngpack.Flag3" name="login" time="0.001"/>
  <system-out>
    <![CDATA[inconsistent bug]]>
  </system-out>
  <testcase classname="testngpack.Flag3" name="login" time="0.001"/>
  <system-out>
    <![CDATA[inconsistent bug]]>
  </system-out>
  <testcase classname="testngpack.Flag3" name="login" time="0.000"/>
  <system-out>
    <![CDATA[inconsistent bug]]>
  </system-out>
  <testcase classname="testngpack.Flag3" name="login" time="0.001"/>
  <system-out>
    <![CDATA[inconsistent bug]]>
  </system-out>
  <testcase classname="testngpack.Flag3" name="login" time="0.000"/>
  <system-out>
    <![CDATA[inconsistent bug]]>
  </system-out>
  <testcase classname="testngpack.Flag3" name="login" time="0.001"/>
  <system-out>
    <![CDATA[inconsistent bug]]>
  </system-out>
  <testcase classname="testngpack.Flag3" name="login" time="0.000"/>
  <system-out>
    <![CDATA[inconsistent bug]]>
  </system-out>
  <testcase classname="testngpack.Flag3" name="login" time="0.001"/>
  <system-out>
    <![CDATA[inconsistent bug]]>
  </system-out>
  <testcase classname="testngpack.Flag3" name="login" time="0.000"/>
  <system-out>
    <![CDATA[inconsistent bug]]>
  </system-out>
  <testcase classname="testngpack.Flag3" name="login" time="0.002"/>
  <system-out>
    <![CDATA[inconsistent bug]]>
  </system-out>
  <testcase classname="testngpack.Flag3" name="login" time="0.000"/>
  <system-out>
    <![CDATA[inconsistent bug]]>
  </system-out>
  <testcase classname="testngpack.Flag3" name="login" time="0.000"/>
  <system-out>
    <![CDATA[inconsistent bug]]>
  </system-out>
  <testcase classname="testngpack.Flag3" name="login" time="0.000"/>
  <system-out>
    <![CDATA[inconsistent bug]]>
  </system-out>
  <testcase classname="testngpack.Flag3" name="login" time="0.000"/>
  <system-out>
    <![CDATA[inconsistent bug]]>
  </system-out>
  <testcase classname="testngpack.Flag3" name="login" time="0.000"/>
  <system-out>
    <![CDATA[inconsistent bug]]>
  </system-out>
  <testcase classname="testngpack.Flag3" name="login" time="0.001"/>
  <system-out>
    <![CDATA[inconsistent bug]]>
  </system-out>
  <testcase classname="testngpack.Flag3" name="login" time="0.000"/>
  <system-out>
    <![CDATA[inconsistent bug]]>
  </system-out>
  <testcase classname="testngpack.Flag3" name="login" time="0.001"/>
  <system-out>
    <![CDATA[inconsistent bug]]>
  </system-out>
  <testcase classname="testngpack.Flag3" name="login" time="0.000"/>
  <system-out>
    <![CDATA[inconsistent bug]]>
  </system-out>
  <testcase classname="testngpack.Flag3" name="login" time="0.000"/>
  <system-out>
    <![CDATA[inconsistent bug]]>
  </system-out>
  <testcase classname="testngpack.Flag3" name="login" time="0.000"/>
  <system-out>
    <![CDATA[inconsistent bug]]>
  </system-out>
  <testcase classname="testngpack.Flag3" name="login" time="0.001"/>
  <system-out>
    <![CDATA[inconsistent bug]]>
  </system-out>
  <testcase classname="testngpack.Flag3" name="login" time="0.001"/>
  <system-out>
    <![CDATA[inconsistent bug]]>
  </system-out>
  <testcase classname="testngpack.Flag3" name="login" time="0.001"/>
  <system-out>
    <![CDATA[inconsistent bug]]>
  </system-out>
  <testcase classname="testngpack.Flag3" name="login" time="0.001"/>
  <system-out>
    <![CDATA[inconsistent bug]]>
  </system-out>
  <testcase classname="testngpack.Flag3" name="login" time="0.001"/>
  <system-out>
    <![CDATA[inconsistent bug]]>
  </system-out>
  <testcase classname="testngpack.Flag3" name="login" time="0.001"/>
  <system-out>
    <![CDATA[inconsistent bug]]>
  </system-out>
  <testcase classname="testngpack.Flag3" name="login" time="0.000"/>
  <system-out>
    <![CDATA[inconsistent bug]]>
  </system-out>
  <testcase classname="testngpack.Flag3" name="login" time="0.000"/>
  <system-out>
    <![CDATA[inconsistent bug]]>
  </system-out>
  <testcase classname="testngpack.Flag3" name="login" time="0.000"/>
  <system-out>
    <![CDATA[inconsistent bug]]>
  </system-out>
  <testcase classname="testngpack.Flag3" name="login" time="0.000"/>
  <system-out>
    <![CDATA[inconsistent bug]]>
  </system-out>
  <testcase classname="testngpack.Flag3" name="login" time="0.001"/>
  <system-out>
    <![CDATA[inconsistent bug]]>
  </system-out>
  <testcase classname="testngpack.Flag3" name="login" time="0.001"/>
  <system-out>
    <![CDATA[inconsistent bug]]>
  </system-out>
  <testcase classname="testngpack.Flag3" name="login" time="0.000"/>
  <system-out>
    <![CDATA[inconsistent bug]]>
  </system-out>
  <testcase classname="testngpack.Flag3" name="login" time="0.000"/>
  <system-out>
    <![CDATA[inconsistent bug]]>
  </system-out>
  <testcase classname="testngpack.Flag3" name="login" time="0.000"/>
  <system-out>
    <![CDATA[inconsistent bug]]>
  </system-out>
  <testcase classname="testngpack.Flag3" name="login" time="0.001"/>
  <system-out>
    <![CDATA[inconsistent bug]]>
  </system-out>
  <testcase classname="testngpack.Flag3" name="login" time="0.000"/>
  <system-out>
    <![CDATA[inconsistent bug]]>
  </system-out>
  <testcase classname="testngpack.Flag3" name="login" time="0.000"/>
  <system-out>
    <![CDATA[inconsistent bug]]>
  </system-out>
  <testcase classname="testngpack.Flag3" name="login" time="0.000"/>
  <system-out>
    <![CDATA[inconsistent bug]]>
  </system-out>
  <testcase classname="testngpack.Flag3" name="login" time="0.001"/>
  <system-out>
    <![CDATA[inconsistent bug]]>
  </system-out>
  <testcase classname="testngpack.Flag3" name="login" time="0.001"/>
  <system-out>
    <![CDATA[inconsistent bug]]>
  </system-out>
  <testcase classname="testngpack.Flag3" name="login" time="0.001"/>
  <system-out>
    <![CDATA[inconsistent bug]]>
  </system-out>
  <testcase classname="testngpack.Flag3" name="login" time="0.001"/>
  <system-out>
    <![CDATA[inconsistent bug]]>
  </system-out>
  <testcase classname="testngpack.Flag3" name="login" time="0.000"/>
  <system-out>
    <![CDATA[inconsistent bug]]>
  </system-out>
  <testcase classname="testngpack.Flag3" name="login" time="0.001"/>
  <system-out>
    <![CDATA[inconsistent bug]]>
  </system-out>
  <testcase classname="testngpack.Flag3" name="login" time="0.000"/>
  <system-out>
    <![CDATA[inconsistent bug]]>
  </system-out>
  <testcase classname="testngpack.Flag3" name="login" time="0.001"/>
  <system-out>
    <![CDATA[inconsistent bug]]>
  </system-out>
  <testcase classname="testngpack.Flag3" name="login" time="0.000"/>
  <system-out>
    <![CDATA[inconsistent bug]]>
  </system-out>
  <testcase classname="testngpack.Flag3" name="login" time="0.001"/>
  <system-out>
    <![CDATA[inconsistent bug]]>
  </system-out>
  <testcase classname="testngpack.Flag3" name="login" time="0.000"/>
  <system-out>
    <![CDATA[inconsistent bug]]>
  </system-out>
  <testcase classname="testngpack.Flag3" name="login" time="0.001"/>
  <system-out>
    <![CDATA[inconsistent bug]]>
  </system-out>
</testsuite> <!-- testngpack.Flag3 -->
