<?xml version="1.0" encoding="UTF-8"?>
<testng-results ignored="0" total="0" passed="0" failed="0" skipped="0">
  <reporter-output>
  </reporter-output>
  <suite started-at="2022-06-16T15:55:33 IST" name="Suite" finished-at="2022-06-16T15:55:33 IST" duration-ms="32">
    <groups>
    </groups>
    <test started-at="2022-06-16T15:55:33 IST" name="Test" finished-at="2022-06-16T15:55:33 IST" duration-ms="32">
      <class name="com.techbeamers.selenium.GoogleHomePageTitle">
        <test-method is-config="true" signature="setProperty()[pri:0, instance:com.techbeamers.selenium.GoogleHomePageTitle@6a2b953e]" started-at="2022-06-16T15:55:33 IST" name="setProperty" finished-at="2022-06-16T15:55:33 IST" duration-ms="16" status="PASS">
          <reporter-output>
          </reporter-output>
        </test-method> <!-- setProperty -->
      </class> <!-- com.techbeamers.selenium.GoogleHomePageTitle -->
    </test> <!-- Test -->
  </suite> <!-- Suite -->
</testng-results>
