<?xml version="1.0" encoding="UTF-8"?>
<testng-results ignored="0" total="2" passed="2" failed="0" skipped="0">
  <reporter-output>
    <line>
      <![CDATA[before suite]]>
    </line>
    <line>
      <![CDATA[before test]]>
    </line>
    <line>
      <![CDATA[before class]]>
    </line>
    <line>
      <![CDATA[before method]]>
    </line>
    <line>
      <![CDATA[Test Case1]]>
    </line>
    <line>
      <![CDATA[after method]]>
    </line>
    <line>
      <![CDATA[before method]]>
    </line>
    <line>
      <![CDATA[Test Case2]]>
    </line>
    <line>
      <![CDATA[after method]]>
    </line>
    <line>
      <![CDATA[after class]]>
    </line>
    <line>
      <![CDATA[after test]]>
    </line>
    <line>
      <![CDATA[after suite]]>
    </line>
  </reporter-output>
  <suite started-at="2022-06-13T15:56:57 IST" name="Default suite" finished-at="2022-06-13T15:56:57 IST" duration-ms="48">
    <groups>
    </groups>
    <test started-at="2022-06-13T15:56:57 IST" name="Default test" finished-at="2022-06-13T15:56:57 IST" duration-ms="48">
      <class name="testngAnnotations.ExecutionofAnnotations">
        <test-method is-config="true" signature="beforeSuite()[pri:0, instance:testngAnnotations.ExecutionofAnnotations@4bb33f74]" started-at="2022-06-13T15:56:57 IST" name="beforeSuite" finished-at="2022-06-13T15:56:57 IST" duration-ms="9" status="PASS">
          <reporter-output>
            <line>
              <![CDATA[before suite]]>
            </line>
          </reporter-output>
        </test-method> <!-- beforeSuite -->
        <test-method is-config="true" signature="beforeTest()[pri:0, instance:testngAnnotations.ExecutionofAnnotations@4bb33f74]" started-at="2022-06-13T15:56:57 IST" name="beforeTest" finished-at="2022-06-13T15:56:57 IST" duration-ms="0" status="PASS">
          <reporter-output>
            <line>
              <![CDATA[before test]]>
            </line>
          </reporter-output>
        </test-method> <!-- beforeTest -->
        <test-method is-config="true" signature="beforeClass()[pri:0, instance:testngAnnotations.ExecutionofAnnotations@4bb33f74]" started-at="2022-06-13T15:56:57 IST" name="beforeClass" finished-at="2022-06-13T15:56:57 IST" duration-ms="1" status="PASS">
          <reporter-output>
            <line>
              <![CDATA[before class]]>
            </line>
          </reporter-output>
        </test-method> <!-- beforeClass -->
        <test-method is-config="true" signature="beforeMethod()[pri:0, instance:testngAnnotations.ExecutionofAnnotations@4bb33f74]" started-at="2022-06-13T15:56:57 IST" name="beforeMethod" finished-at="2022-06-13T15:56:57 IST" duration-ms="0" status="PASS">
          <reporter-output>
            <line>
              <![CDATA[before method]]>
            </line>
          </reporter-output>
        </test-method> <!-- beforeMethod -->
        <test-method signature="testcae1()[pri:0, instance:testngAnnotations.ExecutionofAnnotations@4bb33f74]" started-at="2022-06-13T15:56:57 IST" name="testcae1" finished-at="2022-06-13T15:56:57 IST" duration-ms="5" status="PASS">
          <reporter-output>
            <line>
              <![CDATA[Test Case1]]>
            </line>
          </reporter-output>
        </test-method> <!-- testcae1 -->
        <test-method is-config="true" signature="afterMethod()[pri:0, instance:testngAnnotations.ExecutionofAnnotations@4bb33f74]" started-at="2022-06-13T15:56:57 IST" name="afterMethod" finished-at="2022-06-13T15:56:57 IST" duration-ms="0" status="PASS">
          <reporter-output>
            <line>
              <![CDATA[after method]]>
            </line>
          </reporter-output>
        </test-method> <!-- afterMethod -->
        <test-method is-config="true" signature="beforeMethod()[pri:0, instance:testngAnnotations.ExecutionofAnnotations@4bb33f74]" started-at="2022-06-13T15:56:57 IST" name="beforeMethod" finished-at="2022-06-13T15:56:57 IST" duration-ms="1" status="PASS">
          <reporter-output>
            <line>
              <![CDATA[before method]]>
            </line>
          </reporter-output>
        </test-method> <!-- beforeMethod -->
        <test-method signature="testcae2()[pri:0, instance:testngAnnotations.ExecutionofAnnotations@4bb33f74]" started-at="2022-06-13T15:56:57 IST" name="testcae2" finished-at="2022-06-13T15:56:57 IST" duration-ms="1" status="PASS">
          <reporter-output>
            <line>
              <![CDATA[Test Case2]]>
            </line>
          </reporter-output>
        </test-method> <!-- testcae2 -->
        <test-method is-config="true" signature="afterMethod()[pri:0, instance:testngAnnotations.ExecutionofAnnotations@4bb33f74]" started-at="2022-06-13T15:56:57 IST" name="afterMethod" finished-at="2022-06-13T15:56:57 IST" duration-ms="1" status="PASS">
          <reporter-output>
            <line>
              <![CDATA[after method]]>
            </line>
          </reporter-output>
        </test-method> <!-- afterMethod -->
        <test-method is-config="true" signature="afterClass()[pri:0, instance:testngAnnotations.ExecutionofAnnotations@4bb33f74]" started-at="2022-06-13T15:56:57 IST" name="afterClass" finished-at="2022-06-13T15:56:57 IST" duration-ms="0" status="PASS">
          <reporter-output>
            <line>
              <![CDATA[after class]]>
            </line>
          </reporter-output>
        </test-method> <!-- afterClass -->
        <test-method is-config="true" signature="afterTest()[pri:0, instance:testngAnnotations.ExecutionofAnnotations@4bb33f74]" started-at="2022-06-13T15:56:57 IST" name="afterTest" finished-at="2022-06-13T15:56:57 IST" duration-ms="0" status="PASS">
          <reporter-output>
            <line>
              <![CDATA[after test]]>
            </line>
          </reporter-output>
        </test-method> <!-- afterTest -->
        <test-method is-config="true" signature="afterSuite()[pri:0, instance:testngAnnotations.ExecutionofAnnotations@4bb33f74]" started-at="2022-06-13T15:56:57 IST" name="afterSuite" finished-at="2022-06-13T15:56:57 IST" duration-ms="1" status="PASS">
          <reporter-output>
            <line>
              <![CDATA[after suite]]>
            </line>
          </reporter-output>
        </test-method> <!-- afterSuite -->
      </class> <!-- testngAnnotations.ExecutionofAnnotations -->
    </test> <!-- Default test -->
  </suite> <!-- Default suite -->
</testng-results>
